\BOOKMARK [1][-]{section*.2}{\376\377\000A\000c\000a\000d\000e\000m\000i\000c\000\040\000i\000n\000t\000e\000g\000r\000i\000t\000y\000\040\000\046\000\040\000A\000I\000\040\000u\000s\000e}{}% 1
\BOOKMARK [1][-]{section*.3}{\376\377\000P\000r\000o\000j\000e\000c\000t\000\040\000o\000v\000e\000r\000v\000i\000e\000w}{}% 2
\BOOKMARK [1][-]{section.1}{\376\377\000P\000a\000r\000t\000\040\0001\000:\000\040\000I\000d\000e\000a\000l\000\040\000c\000h\000i\000l\000d\000c\000a\000r\000e\000\040\000e\000x\000p\000a\000n\000s\000i\000o\000n\000\040\000m\000o\000d\000e\000l}{}% 3
\BOOKMARK [2][-]{subsection.1.1}{\376\377\000P\000r\000o\000b\000l\000e\000m\000\040\000s\000t\000a\000t\000e\000m\000e\000n\000t}{section.1}% 4
\BOOKMARK [2][-]{subsection.1.2}{\376\377\000D\000a\000t\000a\000\040\000a\000n\000d\000\040\000p\000a\000r\000a\000m\000e\000t\000e\000r\000\040\000c\000o\000n\000s\000t\000r\000u\000c\000t\000i\000o\000n}{section.1}% 5
\BOOKMARK [3][-]{subsubsection.1.2.1}{\376\377\000D\000a\000t\000a\000\040\000c\000l\000e\000a\000n\000i\000n\000g}{subsection.1.2}% 6
\BOOKMARK [3][-]{subsubsection.1.2.2}{\376\377\000D\000e\000m\000a\000n\000d\000-\000s\000i\000d\000e\000\040\000p\000a\000r\000a\000m\000e\000t\000e\000r\000s}{subsection.1.2}% 7
\BOOKMARK [3][-]{subsubsection.1.2.3}{\376\377\000S\000u\000p\000p\000l\000y\000-\000s\000i\000d\000e\000\040\000p\000a\000r\000a\000m\000e\000t\000e\000r\000s}{subsection.1.2}% 8
\BOOKMARK [3][-]{subsubsection.1.2.4}{\376\377\000E\000x\000p\000a\000n\000s\000i\000o\000n\000\040\000c\000o\000s\000t\000\040\000p\000a\000r\000a\000m\000e\000t\000e\000r\000s}{subsection.1.2}% 9
\BOOKMARK [3][-]{subsubsection.1.2.5}{\376\377\000N\000e\000w\000-\000f\000a\000c\000i\000l\000i\000t\000y\000\040\000p\000a\000r\000a\000m\000e\000t\000e\000r\000s}{subsection.1.2}% 10
\BOOKMARK [2][-]{subsection.1.3}{\376\377\000O\000p\000t\000i\000m\000i\000z\000a\000t\000i\000o\000n\000\040\000m\000o\000d\000e\000l}{section.1}% 11
\BOOKMARK [3][-]{subsubsection.1.3.1}{\376\377\000M\000o\000d\000e\000l\000i\000n\000g\000\040\000a\000s\000s\000u\000m\000p\000t\000i\000o\000n\000s}{subsection.1.3}% 12
\BOOKMARK [3][-]{subsubsection.1.3.2}{\376\377\000D\000e\000c\000i\000s\000i\000o\000n\000\040\000v\000a\000r\000i\000a\000b\000l\000e\000s}{subsection.1.3}% 13
\BOOKMARK [3][-]{subsubsection.1.3.3}{\376\377\000O\000b\000j\000e\000c\000t\000i\000v\000e\000\040\000f\000u\000n\000c\000t\000i\000o\000n}{subsection.1.3}% 14
\BOOKMARK [3][-]{subsubsection.1.3.4}{\376\377\000C\000o\000n\000s\000t\000r\000a\000i\000n\000t\000s}{subsection.1.3}% 15
\BOOKMARK [2][-]{subsection.1.4}{\376\377\000R\000e\000s\000u\000l\000t\000s\000\040\000a\000n\000d\000\040\000i\000n\000t\000e\000r\000p\000r\000e\000t\000a\000t\000i\000o\000n}{section.1}% 16
\BOOKMARK [3][-]{subsubsection.1.4.1}{\376\377\000O\000p\000t\000i\000m\000a\000l\000\040\000s\000o\000l\000u\000t\000i\000o\000n\000\040\000s\000u\000m\000m\000a\000r\000y}{subsection.1.4}% 17
\BOOKMARK [3][-]{subsubsection.1.4.2}{\376\377\000I\000n\000t\000e\000r\000p\000r\000e\000t\000a\000t\000i\000o\000n}{subsection.1.4}% 18
\BOOKMARK [3][-]{subsubsection.1.4.3}{\376\377\000L\000i\000m\000i\000t\000a\000t\000i\000o\000n\000s}{subsection.1.4}% 19
\BOOKMARK [1][-]{section.2}{\376\377\000P\000a\000r\000t\000\040\0002\000:\000\040\000R\000e\000a\000l\000i\000s\000t\000i\000c\000\040\000c\000h\000i\000l\000d\000c\000a\000r\000e\000\040\000e\000x\000p\000a\000n\000s\000i\000o\000n\000\040\000m\000o\000d\000e\000l}{}% 20
\BOOKMARK [2][-]{subsection.2.1}{\376\377\000P\000r\000o\000b\000l\000e\000m\000\040\000s\000t\000a\000t\000e\000m\000e\000n\000t}{section.2}% 21
\BOOKMARK [2][-]{subsection.2.2}{\376\377\000D\000a\000t\000a\000\040\000a\000n\000d\000\040\000p\000a\000r\000a\000m\000e\000t\000e\000r\000\040\000c\000o\000n\000s\000t\000r\000u\000c\000t\000i\000o\000n}{section.2}% 22
\BOOKMARK [3][-]{subsubsection.2.2.1}{\376\377\000R\000e\000a\000l\000i\000s\000t\000i\000c\000\040\000e\000x\000p\000a\000n\000s\000i\000o\000n\000\040\000p\000a\000r\000a\000m\000e\000t\000e\000r\000s}{subsection.2.2}% 23
\BOOKMARK [3][-]{subsubsection.2.2.2}{\376\377\000C\000a\000n\000d\000i\000d\000a\000t\000e\000-\000s\000i\000t\000e\000\040\000a\000n\000d\000\040\000d\000i\000s\000t\000a\000n\000c\000e\000\040\000p\000a\000r\000a\000m\000e\000t\000e\000r\000s}{subsection.2.2}% 24
\BOOKMARK [3][-]{subsubsection.2.2.3}{\376\377\000B\000u\000i\000l\000d\000\040\000o\000p\000t\000i\000o\000n\000s\000\040\000a\000n\000d\000\040\000i\000n\000h\000e\000r\000i\000t\000e\000d\000\040\000a\000s\000s\000u\000m\000p\000t\000i\000o\000n\000s}{subsection.2.2}% 25
\BOOKMARK [2][-]{subsection.2.3}{\376\377\000O\000p\000t\000i\000m\000i\000z\000a\000t\000i\000o\000n\000\040\000m\000o\000d\000e\000l}{section.2}% 26
\BOOKMARK [3][-]{subsubsection.2.3.1}{\376\377\000M\000o\000d\000e\000l\000i\000n\000g\000\040\000a\000s\000s\000u\000m\000p\000t\000i\000o\000n\000s}{subsection.2.3}% 27
\BOOKMARK [3][-]{subsubsection.2.3.2}{\376\377\000D\000e\000c\000i\000s\000i\000o\000n\000\040\000v\000a\000r\000i\000a\000b\000l\000e\000s}{subsection.2.3}% 28
\BOOKMARK [3][-]{subsubsection.2.3.3}{\376\377\000O\000b\000j\000e\000c\000t\000i\000v\000e\000\040\000f\000u\000n\000c\000t\000i\000o\000n}{subsection.2.3}% 29
\BOOKMARK [3][-]{subsubsection.2.3.4}{\376\377\000C\000o\000n\000s\000t\000r\000a\000i\000n\000t\000s}{subsection.2.3}% 30
\BOOKMARK [2][-]{subsection.2.4}{\376\377\000R\000e\000s\000u\000l\000t\000s\000\040\000a\000n\000d\000\040\000i\000n\000t\000e\000r\000p\000r\000e\000t\000a\000t\000i\000o\000n}{section.2}% 31
\BOOKMARK [3][-]{subsubsection.2.4.1}{\376\377\000O\000p\000t\000i\000m\000a\000l\000\040\000s\000o\000l\000u\000t\000i\000o\000n\000\040\000s\000u\000m\000m\000a\000r\000y}{subsection.2.4}% 32
\BOOKMARK [3][-]{subsubsection.2.4.2}{\376\377\000M\000o\000d\000e\000l\000\040\000v\000e\000r\000i\000f\000i\000c\000a\000t\000i\000o\000n}{subsection.2.4}% 33
\BOOKMARK [3][-]{subsubsection.2.4.3}{\376\377\000I\000n\000t\000e\000r\000p\000r\000e\000t\000a\000t\000i\000o\000n}{subsection.2.4}% 34
\BOOKMARK [3][-]{subsubsection.2.4.4}{\376\377\000L\000i\000m\000i\000t\000a\000t\000i\000o\000n\000s}{subsection.2.4}% 35
\BOOKMARK [1][-]{section*.19}{\376\377\000C\000o\000n\000c\000l\000u\000s\000i\000o\000n\000s}{}% 36
\BOOKMARK [1][-]{section*.20}{\376\377\000B\000i\000b\000l\000i\000o\000g\000r\000a\000p\000h\000y}{}% 37
\BOOKMARK [1][-]{section*.22}{\376\377\000A\000p\000p\000e\000n\000d\000i\000x}{}% 38
