
Gurobi 13.0.1 (mac64[arm]) logging started Mon Mar 23 21:47:39 2026

Set parameter LogFile to value "/Users/alexandresepulvedadedietrich/Documents/School/Columbia/Spring_2026/Optimization/group_project/results/realistic/logs/realistic_model.log"
Set parameter MIPGap to value 0.001
Set parameter TimeLimit to value 600
Set parameter OutputFlag to value 1
Gurobi Optimizer version 13.0.1 build v13.0.1rc0 (mac64[arm] - Darwin 25.3.0 25D2128)

CPU model: Apple M4 Pro
Thread count: 12 physical cores, 12 logical processors, using up to 12 threads

Non-default parameters:
TimeLimit  600
MIPGap  0.001

Optimize a model with 155819 rows, 201980 columns and 574228 nonzeros (Min)
Model fingerprint: 0x33ba8ac0
Model has 201980 linear objective coefficients
Variable types: 0 continuous, 201980 integer (85566 binary)
Coefficient statistics:
  Matrix range     [1e+00, 4e+02]
  Objective range  [1e+02, 1e+05]
  Bounds range     [1e+00, 1e+00]
  RHS range        [1e+00, 1e+04]

Presolve removed 93436 rows and 97684 columns
Presolve time: 2.35s
Presolved: 62383 rows, 104296 columns, 252783 nonzeros
Variable types: 0 continuous, 104296 integer (54723 binary)
Deterministic concurrent LP optimizer: primal and dual simplex
Showing primal log only...

Concurrent spin time: 0.00s

Solved with dual simplex

Use crossover to convert LP symmetric solution to basic solution...
Crossover time: 0.07 seconds (0.07 work units)

Root relaxation: objective 1.900362e+08, 17941 iterations, 0.26 seconds (0.29 work units)

    Nodes    |    Current Node    |     Objective Bounds      |     Work
 Expl Unexpl |  Obj  Depth IntInf | Incumbent    BestBd   Gap | It/Node Time

     0     0 1.9004e+08    0  168          - 1.9004e+08      -     -    2s
H    0     0                    1.997507e+08 1.9004e+08  4.86%     -    3s
H    0     0                    1.994697e+08 1.9004e+08  4.73%     -    3s
H    0     0                    1.994627e+08 1.9004e+08  4.73%     -    3s
H    0     0                    1.994127e+08 1.9004e+08  4.70%     -    3s
H    0     0                    1.994020e+08 1.9004e+08  4.70%     -    3s
H    0     0                    1.965328e+08 1.9004e+08  3.31%     -    3s
H    0     0                    1.965290e+08 1.9004e+08  3.30%     -    3s
H    0     0                    1.964455e+08 1.9004e+08  3.26%     -    4s
H    0     0                    1.964343e+08 1.9004e+08  3.26%     -    4s
     0     0 1.9004e+08    0  219 1.9643e+08 1.9004e+08  3.26%     -    4s
H    0     0                    1.964327e+08 1.9004e+08  3.26%     -    5s
H    0     0                    1.963669e+08 1.9004e+08  3.22%     -    5s
     0     0 1.9083e+08    0  291 1.9637e+08 1.9083e+08  2.82%     -    5s
     0     0 1.9117e+08    0  375 1.9637e+08 1.9117e+08  2.65%     -    6s
H    0     0                    1.961370e+08 1.9139e+08  2.42%     -    6s
     0     0 1.9139e+08    0  395 1.9614e+08 1.9139e+08  2.42%     -    6s
H    0     0                    1.961328e+08 1.9144e+08  2.39%     -    6s
H    0     0                    1.961306e+08 1.9144e+08  2.39%     -    6s
H    0     0                    1.960873e+08 1.9144e+08  2.37%     -    6s
H    0     0                    1.960735e+08 1.9144e+08  2.36%     -    6s
     0     0 1.9144e+08    0  417 1.9607e+08 1.9144e+08  2.36%     -    6s
H    0     0                    1.959755e+08 1.9145e+08  2.31%     -    6s
H    0     0                    1.959752e+08 1.9145e+08  2.31%     -    6s
     0     0 1.9145e+08    0  491 1.9598e+08 1.9145e+08  2.31%     -    6s
     0     0 1.9145e+08    0  536 1.9598e+08 1.9145e+08  2.31%     -    6s
     0     0 1.9148e+08    0  610 1.9598e+08 1.9148e+08  2.29%     -    6s
H    0     0                    1.959719e+08 1.9148e+08  2.29%     -    6s
     0     0 1.9148e+08    0  621 1.9597e+08 1.9148e+08  2.29%     -    6s
     0     0 1.9149e+08    0  622 1.9597e+08 1.9149e+08  2.29%     -    6s
     0     0 1.9177e+08    0  661 1.9597e+08 1.9177e+08  2.14%     -    7s
     0     0 1.9177e+08    0  543 1.9597e+08 1.9177e+08  2.14%     -    7s
H    0     0                    1.958204e+08 1.9177e+08  2.07%     -    7s
H    0     0                    1.958167e+08 1.9177e+08  2.06%     -    7s
H    0     0                    1.957967e+08 1.9177e+08  2.05%     -    8s
H    0     0                    1.957951e+08 1.9177e+08  2.05%     -    8s
H    0     0                    1.957651e+08 1.9177e+08  2.04%     -    8s
H    0     0                    1.956163e+08 1.9177e+08  1.96%     -    8s
H    0     0                    1.955972e+08 1.9177e+08  1.95%     -    8s
     0     0 1.9185e+08    0  468 1.9560e+08 1.9185e+08  1.91%     -    8s
     0     0 1.9193e+08    0  456 1.9560e+08 1.9193e+08  1.87%     -    8s
     0     0 1.9198e+08    0  472 1.9560e+08 1.9198e+08  1.85%     -    8s
     0     0 1.9198e+08    0  475 1.9560e+08 1.9198e+08  1.85%     -    9s
     0     0 1.9198e+08    0  477 1.9560e+08 1.9198e+08  1.85%     -    9s
     0     0 1.9206e+08    0  518 1.9560e+08 1.9206e+08  1.81%     -    9s
H    0     0                    1.953050e+08 1.9206e+08  1.66%     -   10s
H    0     0                    1.952614e+08 1.9206e+08  1.64%     -   10s
H    0     0                    1.952570e+08 1.9206e+08  1.64%     -   10s
H    0     0                    1.951294e+08 1.9206e+08  1.57%     -   10s
H    0     0                    1.951269e+08 1.9206e+08  1.57%     -   10s
H    0     0                    1.950685e+08 1.9206e+08  1.54%     -   10s
H    0     0                    1.950608e+08 1.9206e+08  1.54%     -   11s
H    0     0                    1.949778e+08 1.9206e+08  1.50%     -   11s
H    0     0                    1.948590e+08 1.9206e+08  1.44%     -   11s
H    0     0                    1.948568e+08 1.9206e+08  1.44%     -   11s
H    0     0                    1.947659e+08 1.9206e+08  1.39%     -   11s
     0     0 1.9206e+08    0  570 1.9477e+08 1.9206e+08  1.39%     -   11s
     0     0 1.9207e+08    0  624 1.9477e+08 1.9207e+08  1.39%     -   11s
     0     0 1.9207e+08    0  651 1.9477e+08 1.9207e+08  1.38%     -   11s
     0     0 1.9207e+08    0  653 1.9477e+08 1.9207e+08  1.38%     -   11s
     0     0 1.9208e+08    0  668 1.9477e+08 1.9208e+08  1.38%     -   11s
H    0     0                    1.947635e+08 1.9208e+08  1.38%     -   12s
H    0     0                    1.947280e+08 1.9208e+08  1.36%     -   12s
H    0     0                    1.946753e+08 1.9208e+08  1.33%     -   12s
H    0     0                    1.946401e+08 1.9208e+08  1.31%     -   12s
H    0     0                    1.946159e+08 1.9208e+08  1.30%     -   12s
H    0     0                    1.945439e+08 1.9208e+08  1.27%     -   12s
H    0     0                    1.945010e+08 1.9208e+08  1.24%     -   12s
H    0     0                    1.945005e+08 1.9208e+08  1.24%     -   12s
H    0     0                    1.944813e+08 1.9208e+08  1.23%     -   12s
H    0     0                    1.943459e+08 1.9208e+08  1.17%     -   12s
     0     0 1.9208e+08    0  702 1.9435e+08 1.9208e+08  1.17%     -   12s
     0     0 1.9209e+08    0  718 1.9435e+08 1.9209e+08  1.16%     -   12s
     0     0 1.9209e+08    0  718 1.9435e+08 1.9209e+08  1.16%     -   13s
     0     0 1.9209e+08    0  562 1.9435e+08 1.9209e+08  1.16%     -   14s
H    0     0                    1.935830e+08 1.9209e+08  0.77%     -   14s
H    0     0                    1.935803e+08 1.9209e+08  0.77%     -   14s
H    0     0                    1.935654e+08 1.9209e+08  0.76%     -   14s
H    0     0                    1.935168e+08 1.9209e+08  0.74%     -   14s
H    0     0                    1.933475e+08 1.9209e+08  0.65%     -   15s
H    0     0                    1.933472e+08 1.9209e+08  0.65%     -   15s
H    0     0                    1.933470e+08 1.9209e+08  0.65%     -   15s
H    0     0                    1.932648e+08 1.9209e+08  0.61%     -   15s
H    0     0                    1.932642e+08 1.9209e+08  0.61%     -   15s
H    0     0                    1.931692e+08 1.9209e+08  0.56%     -   16s
H    0     0                    1.931686e+08 1.9209e+08  0.56%     -   16s
H    0     0                    1.931530e+08 1.9209e+08  0.55%     -   16s
H    0     0                    1.931519e+08 1.9209e+08  0.55%     -   16s
     0     0 1.9209e+08    0  544 1.9315e+08 1.9209e+08  0.55%     -   20s
H    0     0                    1.925996e+08 1.9209e+08  0.26%     -   22s
     0     0 1.9209e+08    0  544 1.9260e+08 1.9209e+08  0.26%     -   25s
H    0     0                    1.923529e+08 1.9209e+08  0.14%     -   26s

Cutting planes:
  Gomory: 50
  Cover: 55
  MIR: 237
  StrongCG: 6
  Flow cover: 126
  GUB cover: 8
  Zero half: 7
  Network: 12
  RLT: 1

Explored 53 nodes (26854 simplex iterations) in 26.89 seconds (20.74 work units)
Thread count was 12 (of 12 available processors)

Solution count 10: 1.92353e+08 1.926e+08 1.93152e+08 ... 1.93347e+08

Optimal solution found (tolerance 1.00e-03)
Best objective 1.923529420256e+08, best bound 1.921674961646e+08, gap 0.0964%

Gurobi 13.0.1 (mac64[arm]) logging started Mon Mar 23 22:56:50 2026

Set parameter LogFile to value "/Users/alexandresepulvedadedietrich/Documents/School/Columbia/Spring_2026/Optimization/group_project/results/realistic/logs/realistic_model.log"
Set parameter MIPGap to value 0.001
Set parameter TimeLimit to value 600
Set parameter OutputFlag to value 1
Gurobi Optimizer version 13.0.1 build v13.0.1rc0 (mac64[arm] - Darwin 25.3.0 25D2128)

CPU model: Apple M4 Pro
Thread count: 12 physical cores, 12 logical processors, using up to 12 threads

Non-default parameters:
TimeLimit  600
MIPGap  0.001

Optimize a model with 186667 rows, 225116 columns and 663182 nonzeros (Min)
Model fingerprint: 0x465dd93a
Model has 201980 linear objective coefficients
Variable types: 0 continuous, 225116 integer (108702 binary)
Coefficient statistics:
  Matrix range     [1e+00, 4e+02]
  Objective range  [1e+02, 1e+05]
  Bounds range     [1e+00, 1e+00]
  RHS range        [1e+00, 1e+04]

Presolve removed 107874 rows and 104545 columns (presolve time = 6s)...
Presolve removed 107874 rows and 104545 columns
Presolve time: 6.07s
Presolved: 78793 rows, 120571 columns, 312264 nonzeros
Variable types: 0 continuous, 120571 integer (65212 binary)
Deterministic concurrent LP optimizer: primal and dual simplex
Showing primal log only...


Root simplex log...

Iteration    Objective       Primal Inf.    Dual Inf.      Time
       0    2.7608421e+06   2.116643e+03   9.506134e+08      7s
     995    7.7913085e+08   0.000000e+00   9.342481e+07      7s
Concurrent spin time: 0.00s

Solved with dual simplex

Root simplex log...

Iteration    Objective       Primal Inf.    Dual Inf.      Time
    8430    1.8246963e+08   0.000000e+00   0.000000e+00      7s

Use crossover to convert LP symmetric solution to basic solution...

Root crossover log...

       0 DPushes remaining with DInf 0.0000000e+00                 7s

    6302 PPushes remaining with PInf 0.0000000e+00                 7s
       0 PPushes remaining with PInf 0.0000000e+00                 7s

  Push phase complete: Pinf 0.0000000e+00, Dinf 1.8528823e-10      7s


Root simplex log...

Iteration    Objective       Primal Inf.    Dual Inf.      Time
   20150    1.8246963e+08   0.000000e+00   0.000000e+00      7s
Crossover time: 0.19 seconds (0.07 work units)
   20369    1.8246963e+08   0.000000e+00   0.000000e+00      7s

Extra simplex iterations after uncrush: 219

Root relaxation: objective 1.824696e+08, 20369 iterations, 0.74 seconds (0.37 work units)

    Nodes    |    Current Node    |     Objective Bounds      |     Work
 Expl Unexpl |  Obj  Depth IntInf | Incumbent    BestBd   Gap | It/Node Time

     0     0 1.8247e+08    0  172          - 1.8247e+08      -     -    7s
H    0     0                    1.919742e+08 1.8247e+08  4.95%     -    8s
H    0     0                    1.919675e+08 1.8247e+08  4.95%     -    8s
H    0     0                    1.918703e+08 1.8247e+08  4.90%     -    8s
H    0     0                    1.916605e+08 1.8247e+08  4.80%     -    9s
H    0     0                    1.916593e+08 1.8247e+08  4.79%     -    9s
H    0     0                    1.915928e+08 1.8247e+08  4.76%     -    9s
H    0     0                    1.915591e+08 1.8247e+08  4.74%     -   10s
H    0     0                    1.914591e+08 1.8247e+08  4.70%     -   10s
H    0     0                    1.910200e+08 1.8247e+08  4.48%     -   10s
H    0     0                    1.910196e+08 1.8247e+08  4.48%     -   11s
H    0     0                    1.909347e+08 1.8247e+08  4.43%     -   11s
H    0     0                    1.909339e+08 1.8247e+08  4.43%     -   11s
H    0     0                    1.906152e+08 1.8247e+08  4.27%     -   11s
H    0     0                    1.905027e+08 1.8247e+08  4.22%     -   11s
H    0     0                    1.903978e+08 1.8247e+08  4.16%     -   11s
H    0     0                    1.902783e+08 1.8247e+08  4.10%     -   11s
     0     0 1.8263e+08    0  300 1.9028e+08 1.8263e+08  4.02%     -   13s
H    0     0                    1.902622e+08 1.8263e+08  4.01%     -   17s
H    0     0                    1.902605e+08 1.8263e+08  4.01%     -   17s
H    0     0                    1.900406e+08 1.8263e+08  3.90%     -   17s
H    0     0                    1.900394e+08 1.8263e+08  3.90%     -   17s
H    0     0                    1.900389e+08 1.8263e+08  3.90%     -   17s
H    0     0                    1.900284e+08 1.8263e+08  3.89%     -   18s
H    0     0                    1.900280e+08 1.8263e+08  3.89%     -   18s
H    0     0                    1.899874e+08 1.8263e+08  3.87%     -   18s
     0     0 1.8298e+08    0  525 1.8999e+08 1.8298e+08  3.69%     -   18s
     0     0 1.8314e+08    0  681 1.8999e+08 1.8314e+08  3.60%     -   19s
     0     0 1.8318e+08    0  776 1.8999e+08 1.8318e+08  3.58%     -   19s
     0     0 1.8320e+08    0  790 1.8999e+08 1.8320e+08  3.57%     -   20s
     0     0 1.8322e+08    0  878 1.8999e+08 1.8322e+08  3.56%     -   20s
     0     0 1.8327e+08    0  993 1.8999e+08 1.8327e+08  3.54%     -   20s
     0     0 1.8327e+08    0 1050 1.8999e+08 1.8327e+08  3.54%     -   21s
H    0     0                    1.899261e+08 1.8327e+08  3.50%     -   22s
     0     0 1.8335e+08    0 1214 1.8993e+08 1.8335e+08  3.46%     -   22s
H    0     0                    1.896960e+08 1.8335e+08  3.34%     -   24s
H    0     0                    1.896760e+08 1.8335e+08  3.33%     -   24s
H    0     0                    1.896560e+08 1.8335e+08  3.32%     -   24s
H    0     0                    1.896360e+08 1.8335e+08  3.31%     -   24s
H    0     0                    1.896008e+08 1.8335e+08  3.30%     -   25s
H    0     0                    1.895631e+08 1.8343e+08  3.24%     -   25s
H    0     0                    1.895088e+08 1.8343e+08  3.21%     -   25s
H    0     0                    1.895087e+08 1.8343e+08  3.21%     -   25s
H    0     0                    1.895074e+08 1.8343e+08  3.21%     -   25s
H    0     0                    1.894927e+08 1.8343e+08  3.20%     -   25s
     0     0 1.8343e+08    0 1353 1.8949e+08 1.8343e+08  3.20%     -   25s
H    0     0                    1.894227e+08 1.8351e+08  3.12%     -   25s
H    0     0                    1.894100e+08 1.8351e+08  3.12%     -   25s
H    0     0                    1.894096e+08 1.8351e+08  3.12%     -   25s
     0     0 1.8351e+08    0 1468 1.8941e+08 1.8351e+08  3.12%     -   25s
H    0     0                    1.892938e+08 1.8356e+08  3.03%     -   26s
     0     0 1.8356e+08    0 1487 1.8929e+08 1.8356e+08  3.03%     -   26s
     0     0 1.8356e+08    0 1544 1.8929e+08 1.8356e+08  3.03%     -   27s
H    0     0                    1.892938e+08 1.8357e+08  3.03%     -   27s
     0     0 1.8357e+08    0 1628 1.8929e+08 1.8357e+08  3.03%     -   27s
H    0     0                    1.892853e+08 1.8357e+08  3.02%     -   28s
     0     0 1.8357e+08    0 1632 1.8929e+08 1.8357e+08  3.02%     -   28s
H    0     0                    1.892637e+08 1.8359e+08  3.00%     -   28s
     0     0 1.8359e+08    0 1640 1.8926e+08 1.8359e+08  3.00%     -   29s
     0     0 1.8360e+08    0 1685 1.8926e+08 1.8360e+08  2.99%     -   29s
     0     0 1.8360e+08    0 1699 1.8926e+08 1.8360e+08  2.99%     -   29s
     0     0 1.8360e+08    0 1705 1.8926e+08 1.8360e+08  2.99%     -   30s
H    0     0                    1.892629e+08 1.8360e+08  2.99%     -   31s
H    0     0                    1.892583e+08 1.8360e+08  2.99%     -   31s
H    0     0                    1.891918e+08 1.8360e+08  2.96%     -   31s
     0     0 1.8368e+08    0 1832 1.8919e+08 1.8368e+08  2.92%     -   31s
H    0     0                    1.890663e+08 1.8368e+08  2.85%     -   33s
H    0     0                    1.889065e+08 1.8368e+08  2.77%     -   33s
H    0     0                    1.888915e+08 1.8368e+08  2.76%     -   33s
H    0     0                    1.888614e+08 1.8368e+08  2.75%     -   34s
H    0     0                    1.888436e+08 1.8368e+08  2.74%     -   34s
H    0     0                    1.888394e+08 1.8368e+08  2.73%     -   34s
H    0     0                    1.888281e+08 1.8368e+08  2.73%     -   34s
H    0     0                    1.887783e+08 1.8368e+08  2.70%     -   34s
H    0     0                    1.887780e+08 1.8368e+08  2.70%     -   34s
H    0     0                    1.887578e+08 1.8368e+08  2.69%     -   34s
H    0     0                    1.887150e+08 1.8368e+08  2.67%     -   34s
H    0     0                    1.887144e+08 1.8368e+08  2.67%     -   35s
H    0     0                    1.887045e+08 1.8368e+08  2.66%     -   35s
H    0     0                    1.886834e+08 1.8368e+08  2.65%     -   35s
     0     0 1.8371e+08    0 1911 1.8868e+08 1.8371e+08  2.64%     -   35s
     0     0 1.8374e+08    0 1947 1.8868e+08 1.8374e+08  2.62%     -   36s
     0     0 1.8376e+08    0 2024 1.8868e+08 1.8376e+08  2.61%     -   36s
     0     0 1.8376e+08    0 2058 1.8868e+08 1.8376e+08  2.61%     -   36s
     0     0 1.8377e+08    0 2103 1.8868e+08 1.8377e+08  2.61%     -   37s
     0     0 1.8377e+08    0 2116 1.8868e+08 1.8377e+08  2.60%     -   37s
     0     0 1.8378e+08    0 2125 1.8868e+08 1.8378e+08  2.60%     -   37s
     0     0 1.8378e+08    0 2159 1.8868e+08 1.8378e+08  2.60%     -   38s
     0     0 1.8378e+08    0 2169 1.8868e+08 1.8378e+08  2.60%     -   38s
     0     0 1.8379e+08    0 2303 1.8868e+08 1.8379e+08  2.60%     -   39s
H    0     0                    1.886137e+08 1.8379e+08  2.56%     -   41s
H    0     0                    1.886052e+08 1.8379e+08  2.56%     -   41s
H    0     0                    1.885999e+08 1.8379e+08  2.55%     -   41s
H    0     0                    1.885842e+08 1.8379e+08  2.54%     -   41s
H    0     0                    1.885836e+08 1.8379e+08  2.54%     -   41s
H    0     0                    1.885789e+08 1.8379e+08  2.54%     -   41s
H    0     0                    1.885348e+08 1.8379e+08  2.52%     -   42s
H    0     0                    1.885333e+08 1.8379e+08  2.52%     -   42s
H    0     0                    1.885250e+08 1.8379e+08  2.51%     -   42s
     0     0 1.8379e+08    0 2321 1.8852e+08 1.8379e+08  2.51%     -   42s
     0     0 1.8379e+08    0 2323 1.8852e+08 1.8379e+08  2.51%     -   42s
     0     0 1.8379e+08    0 2348 1.8852e+08 1.8379e+08  2.51%     -   44s
     0     0 1.8379e+08    0 2348 1.8852e+08 1.8379e+08  2.51%     -   48s
     0     0 1.8379e+08    0 2109 1.8852e+08 1.8379e+08  2.51%     -   51s
H    0     0                    1.874926e+08 1.8379e+08  1.97%     -   53s
H    0     0                    1.874925e+08 1.8379e+08  1.97%     -   53s
H    0     0                    1.873861e+08 1.8379e+08  1.92%     -   53s
H    0     0                    1.869091e+08 1.8379e+08  1.67%     -   55s
H    0     0                    1.869090e+08 1.8379e+08  1.67%     -   56s
H    0     0                    1.869050e+08 1.8379e+08  1.67%     -   56s
H    0     0                    1.869047e+08 1.8379e+08  1.67%     -   56s
H    0     0                    1.868628e+08 1.8379e+08  1.64%     -   61s
H    0     0                    1.868619e+08 1.8379e+08  1.64%     -   64s
     0     0 1.8379e+08    0 2095 1.8686e+08 1.8379e+08  1.64%     -   65s
     0     0 1.8379e+08    0 2095 1.8686e+08 1.8379e+08  1.64%     -   70s
     0     0 1.8379e+08    0 2095 1.8686e+08 1.8379e+08  1.64%     -   75s
     0     0 1.8379e+08    0 2095 1.8686e+08 1.8379e+08  1.64%     -   80s
     0     0 1.8379e+08    0 2095 1.8686e+08 1.8379e+08  1.64%     -   85s
     0     0 1.8379e+08    0 2095 1.8686e+08 1.8379e+08  1.64%     -   90s
     0     0 1.8379e+08    0 2095 1.8686e+08 1.8379e+08  1.64%     -   95s
     0     0 1.8379e+08    0 2095 1.8686e+08 1.8379e+08  1.64%     -  100s
H    0     0                    1.856548e+08 1.8379e+08  1.00%     -  101s
     0     0 1.8379e+08    0 2095 1.8565e+08 1.8379e+08  1.00%     -  105s
     0     0 1.8379e+08    0 2095 1.8565e+08 1.8379e+08  1.00%     -  110s
     0     0 1.8379e+08    0 2095 1.8565e+08 1.8379e+08  1.00%     -  115s
H    0     0                    1.852793e+08 1.8379e+08  0.80%     -  116s
   119   138 1.8524e+08    1    9 1.8528e+08 1.8403e+08  0.67%  57.2  120s
   136   188 1.8527e+08    1    6 1.8528e+08 1.8409e+08  0.64%   126  125s
   155   237 1.8527e+08    1    7 1.8528e+08 1.8415e+08  0.61%   181  130s
   172   287 1.8527e+08    1    9 1.8528e+08 1.8417e+08  0.60%   218  135s
   198   350 1.8528e+08    1    1 1.8528e+08 1.8420e+08  0.58%   260  140s

Gurobi 13.0.1 (mac64[arm]) logging started Mon Mar 23 22:59:19 2026

Set parameter LogFile to value "/Users/alexandresepulvedadedietrich/Documents/School/Columbia/Spring_2026/Optimization/group_project/results/realistic/logs/realistic_model.log"
Set parameter MIPGap to value 0.001
Set parameter TimeLimit to value 600
Set parameter OutputFlag to value 1
  8025  4111 1.8525e+08   12    3 1.8528e+08 1.8422e+08  0.57%  11.2  145s
Gurobi Optimizer version 13.0.1 build v13.0.1rc0 (mac64[arm] - Darwin 25.3.0 25D2128)

CPU model: Apple M4 Pro
Thread count: 12 physical cores, 12 logical processors, using up to 12 threads

Non-default parameters:
TimeLimit  600
MIPGap  0.001

Optimize a model with 186667 rows, 225116 columns and 665902 nonzeros (Min)
Model fingerprint: 0xcfcadb4e
Model has 201980 linear objective coefficients
Variable types: 0 continuous, 225116 integer (108702 binary)
Coefficient statistics:
  Matrix range     [1e+00, 4e+02]
  Objective range  [1e+02, 1e+05]
  Bounds range     [1e+00, 1e+00]
  RHS range        [1e+00, 1e+04]

Warning: Completing partial solution with 214547 unfixed non-continuous variables out of 225116
User MIP start produced solution with objective 1.95853e+08 (0.29s)
Loaded user MIP start with objective 1.95853e+08

 27285 11397 1.8526e+08    2    5 1.8528e+08 1.8423e+08  0.57%   6.8  150s
H35192 14074                    1.852765e+08 1.8423e+08  0.56%   6.3  153s
 39483 15478 1.8527e+08    9    1 1.8528e+08 1.8423e+08  0.56%   6.1  155s
Presolve removed 107874 rows and 104545 columns (presolve time = 7s)...
Presolve removed 107874 rows and 104545 columns
Presolve time: 7.24s
Presolved: 78793 rows, 120571 columns, 312264 nonzeros
Found heuristic solution: objective 1.874485e+08
Variable types: 0 continuous, 120571 integer (65212 binary)
Deterministic concurrent LP optimizer: primal and dual simplex
Showing primal log only...


Root simplex log...

Iteration    Objective       Primal Inf.    Dual Inf.      Time
       0    2.7620042e+06   2.155128e+03   9.573208e+08      8s
     996    7.7859109e+08   0.000000e+00   9.312065e+07      8s
Concurrent spin time: 0.01s

Solved with dual simplex

Root simplex log...

Iteration    Objective       Primal Inf.    Dual Inf.      Time
    8369    1.8246963e+08   0.000000e+00   0.000000e+00      8s

Use crossover to convert LP symmetric solution to basic solution...

Root crossover log...

       0 DPushes remaining with DInf 0.0000000e+00                 8s

    5894 PPushes remaining with PInf 0.0000000e+00                 8s
       0 PPushes remaining with PInf 0.0000000e+00                 9s

  Push phase complete: Pinf 0.0000000e+00, Dinf 1.9682744e-10      9s


Root simplex log...

Iteration    Objective       Primal Inf.    Dual Inf.      Time
   19325    1.8246963e+08   0.000000e+00   0.000000e+00      9s
Crossover time: 0.29 seconds (0.07 work units)
   19544    1.8246963e+08   0.000000e+00   0.000000e+00      9s

Extra simplex iterations after uncrush: 219

Root relaxation: objective 1.824696e+08, 19544 iterations, 1.04 seconds (0.38 work units)

    Nodes    |    Current Node    |     Objective Bounds      |     Work
 Expl Unexpl |  Obj  Depth IntInf | Incumbent    BestBd   Gap | It/Node Time

     0     0 1.8247e+08    0  172 1.8745e+08 1.8247e+08  2.66%     -    9s
 53324 20541 infeasible   18      1.8528e+08 1.8423e+08  0.56%   5.6  160s
H    0     0                    1.871879e+08 1.8247e+08  2.52%     -   13s
H    0     0                    1.871765e+08 1.8247e+08  2.51%     -   13s
H    0     0                    1.870419e+08 1.8247e+08  2.44%     -   14s
H    0     0                    1.870391e+08 1.8247e+08  2.44%     -   14s
H    0     0                    1.869389e+08 1.8247e+08  2.39%     -   14s
H    0     0                    1.868841e+08 1.8247e+08  2.36%     -   14s
H    0     0                    1.868791e+08 1.8247e+08  2.36%     -   14s
 72214 26380 infeasible   24      1.8528e+08 1.8425e+08  0.56%   5.3  165s
H    0     0                    1.862487e+08 1.8247e+08  2.03%     -   16s
H    0     0                    1.862430e+08 1.8247e+08  2.03%     -   16s
H    0     0                    1.862427e+08 1.8247e+08  2.03%     -   16s
H    0     0                    1.862119e+08 1.8247e+08  2.01%     -   16s
H    0     0                    1.862117e+08 1.8247e+08  2.01%     -   16s
H    0     0                    1.862114e+08 1.8247e+08  2.01%     -   16s
H    0     0                    1.861117e+08 1.8247e+08  1.96%     -   19s
H    0     0                    1.858556e+08 1.8247e+08  1.82%     -   19s
H    0     0                    1.856709e+08 1.8247e+08  1.72%     -   19s
     0     0 1.8284e+08    0  344 1.8567e+08 1.8284e+08  1.52%     -   19s
 93000 29756 1.8528e+08   13    3 1.8528e+08 1.8429e+08  0.53%   5.5  170s
     0     0 1.8293e+08    0  473 1.8567e+08 1.8293e+08  1.48%     -   25s
H    0     0                    1.856660e+08 1.8297e+08  1.45%     -   25s
     0     0 1.8297e+08    0  550 1.8567e+08 1.8297e+08  1.45%     -   25s
     0     0 1.8305e+08    0  630 1.8567e+08 1.8305e+08  1.41%     -   25s
     0     0 1.8308e+08    0  655 1.8567e+08 1.8308e+08  1.39%     -   25s
 112857 32805     cutoff   19      1.8528e+08 1.8431e+08  0.52%   5.5  175s
     0     0 1.8312e+08    0  780 1.8567e+08 1.8312e+08  1.37%     -   26s
     0     0 1.8316e+08    0  943 1.8567e+08 1.8316e+08  1.35%     -   26s
     0     0 1.8316e+08    0  981 1.8567e+08 1.8316e+08  1.35%     -   27s
     0     0 1.8330e+08    0 1125 1.8567e+08 1.8330e+08  1.27%     -   30s
 135885 37204 1.8528e+08   14    1 1.8528e+08 1.8432e+08  0.52%   5.4  180s
     0     0 1.8341e+08    0 1219 1.8567e+08 1.8341e+08  1.21%     -   31s
     0     0 1.8351e+08    0 1279 1.8567e+08 1.8351e+08  1.16%     -   32s
     0     0 1.8351e+08    0 1366 1.8567e+08 1.8351e+08  1.16%     -   32s
     0     0 1.8353e+08    0 1425 1.8567e+08 1.8353e+08  1.15%     -   32s
     0     0 1.8358e+08    0 1500 1.8567e+08 1.8358e+08  1.12%     -   33s
     0     0 1.8361e+08    0 1512 1.8567e+08 1.8361e+08  1.11%     -   33s
     0     0 1.8363e+08    0 1527 1.8567e+08 1.8363e+08  1.10%     -   34s
     0     0 1.8364e+08    0 1578 1.8567e+08 1.8364e+08  1.09%     -   34s
     0     0 1.8364e+08    0 1607 1.8567e+08 1.8364e+08  1.09%     -   35s
     0     0 1.8364e+08    0 1609 1.8567e+08 1.8364e+08  1.09%     -   35s
 162665 41722 1.8526e+08   14    1 1.8528e+08 1.8436e+08  0.50%   5.3  185s
     0     0 1.8367e+08    0 1764 1.8567e+08 1.8367e+08  1.07%     -   36s
H    0     0                    1.856304e+08 1.8367e+08  1.05%     -   40s
H    0     0                    1.856268e+08 1.8367e+08  1.05%     -   40s
 189548 46012 infeasible   26      1.8528e+08 1.8436e+08  0.49%   5.4  190s
H192174 46325                    1.852763e+08 1.8437e+08  0.49%   5.3  190s
H    0     0                    1.856260e+08 1.8367e+08  1.05%     -   41s
H    0     0                    1.856259e+08 1.8367e+08  1.05%     -   41s
H    0     0                    1.856244e+08 1.8367e+08  1.05%     -   42s
H    0     0                    1.856205e+08 1.8367e+08  1.05%     -   42s
     0     0 1.8370e+08    0 1812 1.8562e+08 1.8370e+08  1.04%     -   42s
     0     0 1.8373e+08    0 1875 1.8562e+08 1.8373e+08  1.02%     -   43s
     0     0 1.8376e+08    0 1929 1.8562e+08 1.8376e+08  1.00%     -   43s
     0     0 1.8376e+08    0 1968 1.8562e+08 1.8376e+08  1.00%     -   44s
     0     0 1.8377e+08    0 2023 1.8562e+08 1.8377e+08  1.00%     -   44s
     0     0 1.8378e+08    0 2064 1.8562e+08 1.8378e+08  0.99%     -   44s
     0     0 1.8378e+08    0 2072 1.8562e+08 1.8378e+08  0.99%     -   45s
     0     0 1.8378e+08    0 2128 1.8562e+08 1.8378e+08  0.99%     -   45s
 211180 48510 1.8527e+08   28    1 1.8528e+08 1.8438e+08  0.48%   5.3  195s
     0     0 1.8379e+08    0 2144 1.8562e+08 1.8379e+08  0.99%     -   46s
     0     0 1.8379e+08    0 2160 1.8562e+08 1.8379e+08  0.99%     -   46s
     0     0 1.8379e+08    0 2265 1.8562e+08 1.8379e+08  0.98%     -   47s
     0     0 1.8380e+08    0 2307 1.8562e+08 1.8380e+08  0.98%     -   48s
     0     0 1.8380e+08    0 2350 1.8562e+08 1.8380e+08  0.98%     -   50s
 243688 54200 1.8525e+08   15    1 1.8528e+08 1.8440e+08  0.47%   5.3  200s
     0     0 1.8380e+08    0 2350 1.8562e+08 1.8380e+08  0.98%     -   54s
 268955 57100 1.8526e+08   14    1 1.8528e+08 1.8446e+08  0.44%   5.3  205s
     0     0 1.8380e+08    0 2101 1.8562e+08 1.8380e+08  0.98%     -   56s
 291709 59606 1.8527e+08   23   10 1.8528e+08 1.8449e+08  0.42%   5.3  210s
H    0     0                    1.855684e+08 1.8380e+08  0.95%     -   63s
H    0     0                    1.855664e+08 1.8380e+08  0.95%     -   63s
H    0     0                    1.855585e+08 1.8380e+08  0.95%     -   64s
H    0     0                    1.855576e+08 1.8380e+08  0.95%     -   64s
H    0     0                    1.855573e+08 1.8380e+08  0.95%     -   64s
H    0     0                    1.855566e+08 1.8380e+08  0.95%     -   64s
H    0     0                    1.855560e+08 1.8380e+08  0.95%     -   65s
 313385 62685 infeasible   38      1.8528e+08 1.8450e+08  0.42%   5.3  215s
 335915 65894 1.8528e+08    2    3 1.8528e+08 1.8451e+08  0.42%   5.2  220s
H366509 68746                    1.852762e+08 1.8451e+08  0.41%   5.2  224s
 366665 68909 1.8525e+08   11    1 1.8528e+08 1.8451e+08  0.41%   5.2  225s
 381986 70262     cutoff   20      1.8528e+08 1.8451e+08  0.41%   5.2  230s
H    0     0                    1.855560e+08 1.8380e+08  0.95%     -   84s
H    0     0                    1.855551e+08 1.8380e+08  0.94%     -   84s
 407410 70983 1.8527e+08   15    1 1.8528e+08 1.8451e+08  0.41%   5.2  235s
H    0     0                    1.855451e+08 1.8380e+08  0.94%     -   88s
     0     0 1.8380e+08    0 2077 1.8555e+08 1.8380e+08  0.94%     -   90s
 425690 72640 1.8527e+08   11    1 1.8528e+08 1.8453e+08  0.40%   5.2  240s
     0     0 1.8380e+08    0 2077 1.8555e+08 1.8380e+08  0.94%     -   95s
 440213 73597 1.8527e+08   10    9 1.8528e+08 1.8453e+08  0.40%   5.2  245s
     0     0 1.8380e+08    0 2077 1.8555e+08 1.8380e+08  0.94%     -  100s
 461523 73998 1.8527e+08    1   19 1.8528e+08 1.8453e+08  0.40%   5.2  250s
     0     0 1.8380e+08    0 2077 1.8555e+08 1.8380e+08  0.94%     -  105s
 476641 74870 1.8527e+08   15    2 1.8528e+08 1.8453e+08  0.40%   5.2  255s
     0     0 1.8380e+08    0 2077 1.8555e+08 1.8380e+08  0.94%     -  110s
 498532 75546 1.8527e+08   23    1 1.8528e+08 1.8456e+08  0.38%   5.1  260s
H498883 75429                    1.852760e+08 1.8456e+08  0.38%   5.1  260s
     0     0 1.8380e+08    0 2077 1.8555e+08 1.8380e+08  0.94%     -  115s
 521846 73842 1.8526e+08   15    1 1.8528e+08 1.8458e+08  0.37%   5.1  265s
     0     0 1.8380e+08    0 2077 1.8555e+08 1.8380e+08  0.94%     -  120s
 539165 74010     cutoff   24      1.8528e+08 1.8460e+08  0.37%   5.1  270s
     0     0 1.8380e+08    0 2077 1.8555e+08 1.8380e+08  0.94%     -  125s
 554365 71988 1.8527e+08   16   45 1.8528e+08 1.8463e+08  0.35%   5.1  275s
     0     0 1.8380e+08    0 2077 1.8555e+08 1.8380e+08  0.94%     -  130s
 564730 72699 1.8527e+08   16    4 1.8528e+08 1.8463e+08  0.35%   5.1  280s
     0     0 1.8380e+08    0 2077 1.8555e+08 1.8380e+08  0.94%     -  135s
 583596 72336 1.8527e+08    1   37 1.8528e+08 1.8464e+08  0.34%   5.1  285s
     0     0 1.8380e+08    0 2077 1.8555e+08 1.8380e+08  0.94%     -  140s
 608635 72328 1.8527e+08   32    4 1.8528e+08 1.8465e+08  0.34%   5.1  290s
     0     0 1.8380e+08    0 2077 1.8555e+08 1.8380e+08  0.94%     -  145s
 620655 71409 infeasible   22      1.8528e+08 1.8465e+08  0.34%   5.0  295s
     0     0 1.8380e+08    0 2077 1.8555e+08 1.8380e+08  0.94%     -  150s
 650984 70676     cutoff   19      1.8528e+08 1.8465e+08  0.34%   5.0  300s
H    0     0                    1.853253e+08 1.8380e+08  0.82%     -  153s
     0     0 1.8380e+08    0 2077 1.8533e+08 1.8380e+08  0.82%     -  155s
 679948 72096 1.8526e+08   71    4 1.8528e+08 1.8465e+08  0.34%   5.0  305s
     0     0 1.8380e+08    0 2077 1.8533e+08 1.8380e+08  0.82%     -  160s
 705254 72535 1.8527e+08   21   14 1.8528e+08 1.8467e+08  0.33%   5.0  310s
 724889 72662 1.8526e+08   15    4 1.8528e+08 1.8467e+08  0.33%   5.1  315s
     0     0 1.8380e+08    0 2077 1.8533e+08 1.8380e+08  0.82%     -  167s
     0     0 1.8380e+08    0 2077 1.8533e+08 1.8380e+08  0.82%     -  170s
 752711 73272     cutoff   26      1.8528e+08 1.8467e+08  0.33%   5.0  320s
H    0     0                    1.852770e+08 1.8380e+08  0.80%     -  174s
    98    96 1.8523e+08    1    1 1.8528e+08 1.8410e+08  0.64%   3.6  175s
 764139 76209 1.8527e+08   24    8 1.8528e+08 1.8467e+08  0.33%   5.0  325s
   102   105 1.8524e+08    1    9 1.8528e+08 1.8410e+08  0.63%  21.1  180s
 790851 75016     cutoff   12      1.8528e+08 1.8468e+08  0.32%   5.0  330s
 816790 73559 1.8528e+08   41    3 1.8528e+08 1.8468e+08  0.32%   4.9  335s
 840997 74051 1.8525e+08   15    1 1.8528e+08 1.8468e+08  0.32%   4.9  340s
 870625 77819     cutoff   25      1.8528e+08 1.8468e+08  0.32%   4.9  345s
 892755 81460 1.8526e+08   12    5 1.8528e+08 1.8468e+08  0.32%   4.9  350s
 906161 82597 1.8527e+08   20    4 1.8528e+08 1.8469e+08  0.32%   5.0  355s
 929888 83438     cutoff   21      1.8528e+08 1.8470e+08  0.31%   5.0  360s
 959122 85417 1.8527e+08   14    1 1.8528e+08 1.8471e+08  0.31%   4.9  365s
 986977 90576 1.8527e+08   13    1 1.8528e+08 1.8471e+08  0.31%   4.9  370s
 1013449 95007     cutoff   22      1.8528e+08 1.8471e+08  0.30%   4.9  375s
 1059226 95714     cutoff   23      1.8528e+08 1.8472e+08  0.30%   4.8  380s

Gurobi 13.0.1 (mac64[arm]) logging started Mon Mar 23 23:03:18 2026

Set parameter LogFile to value "/Users/alexandresepulvedadedietrich/Documents/School/Columbia/Spring_2026/Optimization/group_project/results/realistic/logs/realistic_model.log"
Set parameter MIPGap to value 0.001
Set parameter TimeLimit to value 600
Set parameter OutputFlag to value 1
Set parameter Presolve to value 2
Set parameter Threads to value 0
 1129739 106727     cutoff   22      1.8528e+08 1.8472e+08  0.30%   4.8  385s
Gurobi Optimizer version 13.0.1 build v13.0.1rc0 (mac64[arm] - Darwin 25.3.0 25D2128)

CPU model: Apple M4 Pro
Thread count: 12 physical cores, 12 logical processors, using up to 12 threads

Non-default parameters:
TimeLimit  600
MIPGap  0.001
Presolve  2

Optimize a model with 155819 rows, 201980 columns and 574228 nonzeros (Min)
Model fingerprint: 0x7935ce1d
Model has 201980 linear objective coefficients
Variable types: 0 continuous, 201980 integer (85566 binary)
Coefficient statistics:
  Matrix range     [1e+00, 4e+02]
  Objective range  [1e+02, 1e+05]
  Bounds range     [1e+00, 1e+00]
  RHS range        [1e+00, 1e+04]

 1163154 110326 infeasible   33      1.8528e+08 1.8472e+08  0.30%   4.9  390s
Presolve removed 90802 rows and 83197 columns
Presolve time: 3.46s
Presolved: 65017 rows, 118783 columns, 280788 nonzeros
Variable types: 0 continuous, 118783 integer (62244 binary)
Root relaxation presolve removed 4353 rows and 5286 columns
Root relaxation presolved: 60664 rows, 113497 columns, 270186 nonzeros

Deterministic concurrent LP optimizer: primal and dual simplex
Showing primal log only...

Concurrent spin time: 0.00s

Solved with dual simplex

Use crossover to convert LP symmetric solution to basic solution...
Crossover time: 0.11 seconds (0.07 work units)

Root relaxation: objective 1.816306e+08, 13944 iterations, 0.57 seconds (0.35 work units)

    Nodes    |    Current Node    |     Objective Bounds      |     Work
 Expl Unexpl |  Obj  Depth IntInf | Incumbent    BestBd   Gap | It/Node Time

     0     0 1.8163e+08    0  175          - 1.8163e+08      -     -    4s
H    0     0                    1.921199e+08 1.8163e+08  5.46%     -    5s
H    0     0                    1.921035e+08 1.8163e+08  5.45%     -    5s
H    0     0                    1.920965e+08 1.8163e+08  5.45%     -    5s
H    0     0                    1.920914e+08 1.8163e+08  5.45%     -    5s
H    0     0                    1.920891e+08 1.8163e+08  5.44%     -    6s
H    0     0                    1.920821e+08 1.8163e+08  5.44%     -    6s
 1204314 115632 1.8527e+08   53    5 1.8528e+08 1.8472e+08  0.30%   4.9  395s
H    0     0                    1.919550e+08 1.8163e+08  5.38%     -    8s
H    0     0                    1.918922e+08 1.8163e+08  5.35%     -    8s
H    0     0                    1.918886e+08 1.8163e+08  5.35%     -    8s
H    0     0                    1.918751e+08 1.8163e+08  5.34%     -    8s
H    0     0                    1.918661e+08 1.8163e+08  5.33%     -    8s
H    0     0                    1.916075e+08 1.8163e+08  5.21%     -    8s
H    0     0                    1.915754e+08 1.8163e+08  5.19%     -    8s
H    0     0                    1.915703e+08 1.8163e+08  5.19%     -    8s
H    0     0                    1.913574e+08 1.8163e+08  5.08%     -    8s
H    0     0                    1.912218e+08 1.8163e+08  5.02%     -    8s
H    0     0                    1.911350e+08 1.8163e+08  4.97%     -    8s
H    0     0                    1.911110e+08 1.8163e+08  4.96%     -    8s
H    0     0                    1.911068e+08 1.8163e+08  4.96%     -    8s
H    0     0                    1.910516e+08 1.8163e+08  4.93%     -    8s
H    0     0                    1.907139e+08 1.8163e+08  4.76%     -    8s
H    0     0                    1.885359e+08 1.8163e+08  3.66%     -   10s
H    0     0                    1.884762e+08 1.8163e+08  3.63%     -   10s
H    0     0                    1.884758e+08 1.8163e+08  3.63%     -   10s
H    0     0                    1.884609e+08 1.8163e+08  3.62%     -   10s
H    0     0                    1.881710e+08 1.8163e+08  3.48%     -   10s
H    0     0                    1.878704e+08 1.8163e+08  3.32%     -   10s
H    0     0                    1.877360e+08 1.8163e+08  3.25%     -   10s
     0     0 1.8163e+08    0  238 1.8774e+08 1.8163e+08  3.25%     -   10s
H    0     0                    1.877060e+08 1.8163e+08  3.23%     -   11s
 1242341 122700 1.8527e+08   33    8 1.8528e+08 1.8472e+08  0.30%   4.8  400s
H    0     0                    1.876121e+08 1.8163e+08  3.19%     -   14s
H    0     0                    1.873888e+08 1.8163e+08  3.07%     -   14s
H    0     0                    1.873880e+08 1.8163e+08  3.07%     -   14s
H    0     0                    1.872369e+08 1.8163e+08  2.99%     -   14s
H    0     0                    1.872195e+08 1.8163e+08  2.98%     -   14s
H    0     0                    1.871313e+08 1.8163e+08  2.94%     -   14s
H    0     0                    1.871310e+08 1.8163e+08  2.94%     -   14s
H    0     0                    1.870376e+08 1.8163e+08  2.89%     -   14s
     0     0 1.8163e+08    0  371 1.8704e+08 1.8163e+08  2.89%     -   14s
     0     0 1.8264e+08    0  407 1.8704e+08 1.8264e+08  2.35%     -   15s
     0     0 1.8264e+08    0  301 1.8704e+08 1.8264e+08  2.35%     -   16s
H    0     0                    1.869876e+08 1.8264e+08  2.33%     -   17s
 1275130 124392     cutoff   20      1.8528e+08 1.8473e+08  0.30%   4.8  405s
H    0     0                    1.869641e+08 1.8264e+08  2.31%     -   17s
H    0     0                    1.869606e+08 1.8264e+08  2.31%     -   17s
H    0     0                    1.869437e+08 1.8264e+08  2.30%     -   17s
H    0     0                    1.869417e+08 1.8264e+08  2.30%     -   18s
H    0     0                    1.869033e+08 1.8264e+08  2.28%     -   18s
H    0     0                    1.868401e+08 1.8264e+08  2.25%     -   18s
     0     0 1.8299e+08    0  391 1.8684e+08 1.8299e+08  2.06%     -   18s
     0     0 1.8299e+08    0  435 1.8684e+08 1.8299e+08  2.06%     -   18s
     0     0 1.8313e+08    0  417 1.8684e+08 1.8313e+08  1.99%     -   18s
     0     0 1.8314e+08    0  414 1.8684e+08 1.8314e+08  1.98%     -   19s
     0     0 1.8316e+08    0  480 1.8684e+08 1.8316e+08  1.97%     -   19s
     0     0 1.8319e+08    0  510 1.8684e+08 1.8319e+08  1.95%     -   19s
     0     0 1.8319e+08    0  512 1.8684e+08 1.8319e+08  1.95%     -   19s
     0     0 1.8319e+08    0  511 1.8684e+08 1.8319e+08  1.95%     -   19s
     0     0 1.8335e+08    0  568 1.8684e+08 1.8335e+08  1.87%     -   20s
 1317020 126523     cutoff   16      1.8528e+08 1.8475e+08  0.28%   4.8  410s
H    0     0                    1.848368e+08 1.8335e+08  0.80%     -   22s
H    0     0                    1.848366e+08 1.8335e+08  0.80%     -   22s
H    0     0                    1.848343e+08 1.8335e+08  0.80%     -   26s
 1369431 130427 1.8526e+08   31    7 1.8528e+08 1.8478e+08  0.27%   4.7  415s
     0     0 1.8348e+08    0  615 1.8483e+08 1.8348e+08  0.73%     -   27s
     0     0 1.8354e+08    0  638 1.8483e+08 1.8354e+08  0.70%     -   27s

Gurobi 13.0.1 (mac64[arm]) logging started Mon Mar 23 23:03:50 2026

Set parameter LogFile to value "/Users/alexandresepulvedadedietrich/Documents/School/Columbia/Spring_2026/Optimization/group_project/results/realistic/logs/realistic_model.log"
Set parameter MIPGap to value 0.001
Set parameter TimeLimit to value 180
Set parameter MIPFocus to value 1
Set parameter OutputFlag to value 1
     0     0 1.8358e+08    0  630 1.8483e+08 1.8358e+08  0.68%     -   27s
     0     0 1.8359e+08    0  639 1.8483e+08 1.8359e+08  0.68%     -   27s
     0     0 1.8361e+08    0  665 1.8483e+08 1.8361e+08  0.66%     -   28s
     0     0 1.8362e+08    0  682 1.8483e+08 1.8362e+08  0.66%     -   28s
     0     0 1.8362e+08    0  681 1.8483e+08 1.8362e+08  0.65%     -   28s
     0     0 1.8363e+08    0  732 1.8483e+08 1.8363e+08  0.65%     -   29s
H    0     0                    1.847869e+08 1.8363e+08  0.63%     -   30s
H    0     0                    1.847867e+08 1.8363e+08  0.63%     -   30s
     0     0 1.8365e+08    0  764 1.8479e+08 1.8365e+08  0.61%     -   32s
 1405775 136770 1.8528e+08   22    4 1.8528e+08 1.8478e+08  0.27%   4.8  420s
     0     0 1.8366e+08    0  774 1.8479e+08 1.8366e+08  0.61%     -   32s
     0     0 1.8366e+08    0  773 1.8479e+08 1.8366e+08  0.61%     -   32s
     0     0 1.8366e+08    0  776 1.8479e+08 1.8366e+08  0.61%     -   32s
     0     0 1.8367e+08    0  802 1.8479e+08 1.8367e+08  0.60%     -   33s
H    0     0                    1.847502e+08 1.8367e+08  0.58%     -   34s
H    0     0                    1.847500e+08 1.8367e+08  0.58%     -   34s
Gurobi Optimizer version 13.0.1 build v13.0.1rc0 (mac64[arm] - Darwin 25.3.0 25D2128)

CPU model: Apple M4 Pro
Thread count: 12 physical cores, 12 logical processors, using up to 12 threads

Non-default parameters:
TimeLimit  180
MIPGap  0.001
MIPFocus  1

Optimize a model with 186667 rows, 225116 columns and 665902 nonzeros (Min)
Model fingerprint: 0xcfcadb4e
Model has 201980 linear objective coefficients
Variable types: 0 continuous, 225116 integer (108702 binary)
Coefficient statistics:
  Matrix range     [1e+00, 4e+02]
  Objective range  [1e+02, 1e+05]
  Bounds range     [1e+00, 1e+00]
  RHS range        [1e+00, 1e+04]

Warning: Completing partial solution with 214547 unfixed non-continuous variables out of 225116
User MIP start produced solution with objective 1.95853e+08 (0.49s)
Loaded user MIP start with objective 1.95853e+08

 1441470 141956 infeasible   33      1.8528e+08 1.8478e+08  0.27%   4.8  425s
H    0     0                    1.847496e+08 1.8367e+08  0.58%     -   38s
     0     0 1.8368e+08    0  832 1.8475e+08 1.8368e+08  0.58%     -   39s
     0     0 1.8369e+08    0  814 1.8475e+08 1.8369e+08  0.57%     -   39s
     0     0 1.8369e+08    0  819 1.8475e+08 1.8369e+08  0.57%     -   40s
     0     0 1.8369e+08    0  849 1.8475e+08 1.8369e+08  0.57%     -   41s
 1475614 146219 infeasible   34      1.8528e+08 1.8478e+08  0.27%   4.8  430s
Presolve removed 107874 rows and 104545 columns (presolve time = 9s)...
Presolve removed 107874 rows and 104545 columns
Presolve time: 9.18s
Presolved: 78793 rows, 120571 columns, 312264 nonzeros
Found heuristic solution: objective 1.874485e+08
Variable types: 0 continuous, 120571 integer (65212 binary)
Deterministic concurrent LP optimizer: primal and dual simplex
Showing primal log only...


Root simplex log...

Iteration    Objective       Primal Inf.    Dual Inf.      Time
       0    2.7620042e+06   2.155128e+03   9.573208e+08     10s
     996    7.7859109e+08   0.000000e+00   9.312065e+07     10s
Concurrent spin time: 0.02s

Solved with dual simplex

Root simplex log...

Iteration    Objective       Primal Inf.    Dual Inf.      Time
    8369    1.8246963e+08   0.000000e+00   0.000000e+00     10s

Use crossover to convert LP symmetric solution to basic solution...

Root crossover log...

       0 DPushes remaining with DInf 0.0000000e+00                10s

    5894 PPushes remaining with PInf 0.0000000e+00                10s
       0 PPushes remaining with PInf 0.0000000e+00                11s

  Push phase complete: Pinf 0.0000000e+00, Dinf 1.9682744e-10     11s


Root simplex log...

Iteration    Objective       Primal Inf.    Dual Inf.      Time
   19325    1.8246963e+08   0.000000e+00   0.000000e+00     11s
Crossover time: 0.28 seconds (0.07 work units)
   19544    1.8246963e+08   0.000000e+00   0.000000e+00     11s

Extra simplex iterations after uncrush: 219

Root relaxation: objective 1.824696e+08, 19544 iterations, 0.92 seconds (0.38 work units)
H    0     0                    1.847296e+08 1.8369e+08  0.56%     -   45s
     0     0 1.8370e+08    0  876 1.8473e+08 1.8370e+08  0.56%     -   46s
     0     0 1.8370e+08    0  856 1.8473e+08 1.8370e+08  0.56%     -   46s
     0     0 1.8370e+08    0  878 1.8473e+08 1.8370e+08  0.56%     -   46s

    Nodes    |    Current Node    |     Objective Bounds      |     Work
 Expl Unexpl |  Obj  Depth IntInf | Incumbent    BestBd   Gap | It/Node Time

     0     0 1.8247e+08    0  172 1.8745e+08 1.8247e+08  2.66%     -   11s
 1512081 152541 1.8527e+08   27    1 1.8528e+08 1.8478e+08  0.27%   4.8  435s
     0     0 1.8371e+08    0  898 1.8473e+08 1.8371e+08  0.55%     -   47s
H    0     0                    1.871879e+08 1.8247e+08  2.52%     -   15s
H    0     0                    1.871765e+08 1.8247e+08  2.51%     -   15s
H    0     0                    1.870419e+08 1.8247e+08  2.44%     -   16s
H    0     0                    1.870391e+08 1.8247e+08  2.44%     -   16s
H    0     0                    1.869389e+08 1.8247e+08  2.39%     -   16s
H    0     0                    1.868841e+08 1.8247e+08  2.36%     -   16s
     0     0 1.8371e+08    0  898 1.8473e+08 1.8371e+08  0.55%     -   52s
H    0     0                    1.868791e+08 1.8247e+08  2.36%     -   16s
 1556190 159630 infeasible   42      1.8528e+08 1.8478e+08  0.27%   4.8  440s
H    0     0                    1.862487e+08 1.8247e+08  2.03%     -   18s
H    0     0                    1.862430e+08 1.8247e+08  2.03%     -   18s
H    0     0                    1.862427e+08 1.8247e+08  2.03%     -   18s
H    0     0                    1.862119e+08 1.8247e+08  2.01%     -   18s
H    0     0                    1.862117e+08 1.8247e+08  2.01%     -   18s
H    0     0                    1.862114e+08 1.8247e+08  2.01%     -   19s
     0     0 1.8371e+08    0  691 1.8473e+08 1.8371e+08  0.55%     -   54s
H    0     0                    1.861117e+08 1.8247e+08  1.96%     -   21s
H    0     0                    1.858556e+08 1.8247e+08  1.82%     -   21s
H    0     0                    1.856709e+08 1.8247e+08  1.72%     -   21s
     0     0 1.8285e+08    0  346 1.8567e+08 1.8285e+08  1.52%     -   21s
 1590319 161551 1.8527e+08   14    1 1.8528e+08 1.8478e+08  0.27%   4.7  445s
H    0     0                    1.856698e+08 1.8285e+08  1.52%     -   25s
     0     0 1.8293e+08    0  477 1.8567e+08 1.8293e+08  1.48%     -   25s
     0     0 1.8297e+08    0  555 1.8567e+08 1.8297e+08  1.46%     -   26s
 1636159 163385     cutoff   18      1.8528e+08 1.8478e+08  0.27%   4.7  450s
     0     0 1.8305e+08    0  634 1.8567e+08 1.8305e+08  1.41%     -   27s
     0     0 1.8308e+08    0  658 1.8567e+08 1.8308e+08  1.40%     -   27s
     0     0 1.8312e+08    0  780 1.8567e+08 1.8312e+08  1.37%     -   28s
     0     0 1.8316e+08    0  943 1.8567e+08 1.8316e+08  1.35%     -   29s
     0     0 1.8316e+08    0  981 1.8567e+08 1.8316e+08  1.35%     -   29s
     0     0 1.8371e+08    0  679 1.8473e+08 1.8371e+08  0.55%     -   66s
 1687410 167660 1.8527e+08   22    1 1.8528e+08 1.8483e+08  0.24%   4.7  455s
     0     0 1.8331e+08    0 1140 1.8567e+08 1.8331e+08  1.27%     -   32s
     0     0 1.8371e+08    0  679 1.8473e+08 1.8371e+08  0.55%     -   70s
H    0     0                    1.856686e+08 1.8331e+08  1.27%     -   35s
     0     0 1.8346e+08    0 1219 1.8567e+08 1.8346e+08  1.19%     -   35s
     0     0 1.8350e+08    0 1287 1.8567e+08 1.8350e+08  1.17%     -   36s
     0     0 1.8351e+08    0 1355 1.8567e+08 1.8351e+08  1.16%     -   36s
     0     0 1.8353e+08    0 1423 1.8567e+08 1.8353e+08  1.15%     -   36s
     0     0 1.8357e+08    0 1466 1.8567e+08 1.8357e+08  1.13%     -   37s
 1722653 172084     cutoff   30      1.8528e+08 1.8483e+08  0.24%   4.7  460s
     0     0 1.8361e+08    0 1496 1.8567e+08 1.8361e+08  1.11%     -   37s
     0     0 1.8362e+08    0 1506 1.8567e+08 1.8362e+08  1.11%     -   37s
     0     0 1.8363e+08    0 1576 1.8567e+08 1.8363e+08  1.10%     -   38s
     0     0 1.8363e+08    0 1606 1.8567e+08 1.8363e+08  1.10%     -   38s
     0     0 1.8363e+08    0 1604 1.8567e+08 1.8363e+08  1.10%     -   38s
     0     0 1.8371e+08    0  679 1.8473e+08 1.8371e+08  0.55%     -   75s
     0     0 1.8364e+08    0 1767 1.8567e+08 1.8364e+08  1.09%     -   40s
 1756572 177762 1.8527e+08   23   18 1.8528e+08 1.8483e+08  0.24%   4.7  465s
H    0     0                    1.856293e+08 1.8364e+08  1.07%     -   43s
H    0     0                    1.856270e+08 1.8364e+08  1.07%     -   43s
H    0     0                    1.856266e+08 1.8364e+08  1.07%     -   43s
H    0     0                    1.856250e+08 1.8364e+08  1.07%     -   44s
H    0     0                    1.856247e+08 1.8364e+08  1.07%     -   44s
H    0     0                    1.856246e+08 1.8364e+08  1.07%     -   44s
H    0     0                    1.856242e+08 1.8364e+08  1.07%     -   44s
H    0     0                    1.856230e+08 1.8364e+08  1.07%     -   44s
H    0     0                    1.856219e+08 1.8364e+08  1.07%     -   44s
H    0     0                    1.856217e+08 1.8364e+08  1.06%     -   44s
H    0     0                    1.856196e+08 1.8364e+08  1.06%     -   44s
     0     0 1.8371e+08    0  679 1.8473e+08 1.8371e+08  0.55%     -   80s
     0     0 1.8369e+08    0 1793 1.8562e+08 1.8369e+08  1.04%     -   45s
     0     0 1.8372e+08    0 1870 1.8562e+08 1.8372e+08  1.02%     -   46s
     0     0 1.8374e+08    0 1923 1.8562e+08 1.8374e+08  1.01%     -   46s
     0     0 1.8374e+08    0 1931 1.8562e+08 1.8374e+08  1.01%     -   46s
 1787936 182979 1.8527e+08   38    6 1.8528e+08 1.8483e+08  0.24%   4.8  470s
     0     0 1.8376e+08    0 2011 1.8562e+08 1.8376e+08  1.00%     -   47s
     0     0 1.8376e+08    0 2044 1.8562e+08 1.8376e+08  1.00%     -   47s
     0     0 1.8377e+08    0 2046 1.8562e+08 1.8377e+08  1.00%     -   48s
     0     0 1.8377e+08    0 2107 1.8562e+08 1.8377e+08  1.00%     -   49s
     0     0 1.8377e+08    0 2147 1.8562e+08 1.8377e+08  0.99%     -   50s
     0     0 1.8371e+08    0  679 1.8473e+08 1.8371e+08  0.55%     -   85s
     0     0 1.8377e+08    0 2165 1.8562e+08 1.8377e+08  0.99%     -   50s
     0     0 1.8377e+08    0 2163 1.8562e+08 1.8377e+08  0.99%     -   51s
 1832590 183020 1.8527e+08   18    1 1.8528e+08 1.8484e+08  0.24%   4.8  475s
     0     0 1.8378e+08    0 2281 1.8562e+08 1.8378e+08  0.99%     -   55s
     0     0 1.8371e+08    0  679 1.8473e+08 1.8371e+08  0.55%     -   90s
 1874796 190502 1.8527e+08   31    4 1.8528e+08 1.8484e+08  0.23%   4.7  480s
H    0     0                    1.856195e+08 1.8378e+08  0.99%     -   57s
H    0     0                    1.842051e+08 1.8371e+08  0.27%     -   93s
     0     0 1.8378e+08    0 2314 1.8562e+08 1.8378e+08  0.99%     -   58s
     0     0 1.8378e+08    0 2323 1.8562e+08 1.8378e+08  0.99%     -   59s
     0     0 1.8371e+08    0  679 1.8421e+08 1.8371e+08  0.27%     -   95s
 1919227 195086     cutoff   28      1.8528e+08 1.8484e+08  0.23%   4.7  485s
     0     0 1.8371e+08    0  679 1.8421e+08 1.8371e+08  0.27%     -  100s
 1961767 201381 1.8527e+08   26    1 1.8528e+08 1.8484e+08  0.23%   4.7  490s
     0     0 1.8379e+08    0 2383 1.8562e+08 1.8379e+08  0.98%     -   68s
     0     0 1.8371e+08    0  679 1.8421e+08 1.8371e+08  0.27%     -  105s
     0     0 1.8379e+08    0 2117 1.8562e+08 1.8379e+08  0.98%     -   71s
 2023244 205270 1.8528e+08   23    4 1.8528e+08 1.8484e+08  0.23%   4.7  495s
H    0     0                    1.839632e+08 1.8371e+08  0.14%     -  108s

Cutting planes:
  Gomory: 57
  Cover: 71
  MIR: 278
  StrongCG: 7
  Flow cover: 152
  GUB cover: 8
  Zero half: 10
  Network: 11

Explored 48 nodes (24910 simplex iterations) in 108.82 seconds (24.67 work units)
Thread count was 12 (of 12 available processors)

Solution count 10: 1.83963e+08 1.84205e+08 1.8473e+08 ... 1.84837e+08

Optimal solution found (tolerance 1.00e-03)
Best objective 1.839632074983e+08, best bound 1.838139315529e+08, gap 0.0811%
H    0     0                    1.856062e+08 1.8379e+08  0.98%     -   74s
H    0     0                    1.856057e+08 1.8379e+08  0.98%     -   74s
H    0     0                    1.856048e+08 1.8379e+08  0.98%     -   74s
H    0     0                    1.856042e+08 1.8379e+08  0.98%     -   74s
H    0     0                    1.856042e+08 1.8379e+08  0.98%     -   75s
H    0     0                    1.856036e+08 1.8379e+08  0.98%     -   75s
 2049690 201444     cutoff   34      1.8528e+08 1.8491e+08  0.20%   4.6  500s
 2071624 203548 1.8526e+08   27    1 1.8528e+08 1.8493e+08  0.19%   4.6  505s
 2092448 198885 1.8526e+08    1   56 1.8528e+08 1.8495e+08  0.18%   4.6  510s
 2106806 200349 infeasible   25      1.8528e+08 1.8495e+08  0.18%   4.7  515s
 2120283 203573 infeasible   36      1.8528e+08 1.8495e+08  0.17%   4.7  520s
 2139303 196998 1.8526e+08   19    6 1.8528e+08 1.8497e+08  0.17%   4.7  525s
     0     0 1.8379e+08    0 2099 1.8560e+08 1.8379e+08  0.98%     -  104s
     0     0 1.8379e+08    0 2099 1.8560e+08 1.8379e+08  0.98%     -  105s
 2157591 198773 1.8527e+08   21   32 1.8528e+08 1.8497e+08  0.17%   4.7  530s
     0     0 1.8379e+08    0 2099 1.8560e+08 1.8379e+08  0.98%     -  111s
 2157746 198876 1.8527e+08   21   78 1.8528e+08 1.8498e+08  0.16%   4.7  535s
     0     0 1.8379e+08    0 2099 1.8560e+08 1.8379e+08  0.98%     -  115s
 2169954 199480 1.8527e+08   29   41 1.8528e+08 1.8498e+08  0.16%   4.7  540s
     0     0 1.8379e+08    0 2099 1.8560e+08 1.8379e+08  0.98%     -  120s
 2177187 199633 1.8527e+08   39   42 1.8528e+08 1.8498e+08  0.16%   4.7  545s
     0     0 1.8379e+08    0 2099 1.8560e+08 1.8379e+08  0.98%     -  125s
 2188217 198656 1.8527e+08   25   58 1.8528e+08 1.8499e+08  0.16%   4.7  550s
     0     0 1.8379e+08    0 2099 1.8560e+08 1.8379e+08  0.98%     -  130s
 2196964 200559 1.8527e+08   25    1 1.8528e+08 1.8499e+08  0.16%   4.7  555s
     0     0 1.8379e+08    0 2099 1.8560e+08 1.8379e+08  0.98%     -  135s
 2204268 200147 1.8528e+08   21    8 1.8528e+08 1.8500e+08  0.15%   4.7  560s
     0     0 1.8379e+08    0 2099 1.8560e+08 1.8379e+08  0.98%     -  140s
 2211168 202273 1.8527e+08   31   38 1.8528e+08 1.8500e+08  0.15%   4.7  565s
     0     0 1.8379e+08    0 2099 1.8560e+08 1.8379e+08  0.98%     -  145s
 2213013 202937 1.8527e+08   31    6 1.8528e+08 1.8500e+08  0.15%   4.7  570s
H    0     0                    1.853530e+08 1.8379e+08  0.84%     -  149s
     0     0 1.8379e+08    0 2099 1.8535e+08 1.8379e+08  0.84%     -  150s
 2219499 204007 1.8527e+08   27   94 1.8528e+08 1.8500e+08  0.15%   4.7  575s
     0     0 1.8379e+08    0 2099 1.8535e+08 1.8379e+08  0.84%     -  155s
 2219610 204081 1.8527e+08   27  100 1.8528e+08 1.8500e+08  0.15%   4.7  580s
     0     0 1.8379e+08    0 2099 1.8535e+08 1.8379e+08  0.84%     -  160s
 2237642 205781 1.8527e+08   29    1 1.8528e+08 1.8501e+08  0.14%   4.7  586s
     0     0 1.8379e+08    0 2099 1.8535e+08 1.8379e+08  0.84%     -  165s
 2238242 205873 1.8528e+08   28    4 1.8528e+08 1.8501e+08  0.14%   4.7  590s
     0     0 1.8379e+08    0 2099 1.8535e+08 1.8379e+08  0.84%     -  170s
 2253813 206790 1.8527e+08   19    1 1.8528e+08 1.8501e+08  0.14%   4.7  595s
     0     0 1.8379e+08    0 2099 1.8535e+08 1.8379e+08  0.84%     -  176s
 2261391 207878     cutoff   18      1.8528e+08 1.8501e+08  0.14%   4.7  600s

Cutting planes:
  Gomory: 69
  Cover: 114
  MIR: 286
  StrongCG: 23
  Flow cover: 225
  GUB cover: 27
  Zero half: 6
  Network: 7

Explored 2261960 nodes (10604440 simplex iterations) in 600.58 seconds (232.80 work units)
Thread count was 12 (of 12 available processors)

Solution count 10: 1.85276e+08 1.85276e+08 1.85276e+08 ... 1.86905e+08

Time limit reached
Best objective 1.852759625313e+08, best bound 1.850124587928e+08, gap 0.1422%
H    0     0                    1.852760e+08 1.8379e+08  0.80%     -  180s

Cutting planes:
  Gomory: 74
  Cover: 127
  MIR: 271
  StrongCG: 25
  Flow cover: 217
  GUB cover: 21
  Zero half: 5
  Network: 7
  RLT: 1

Explored 1 nodes (30171 simplex iterations) in 180.22 seconds (60.07 work units)
Thread count was 12 (of 12 available processors)

Solution count 10: 1.85276e+08 1.85353e+08 1.85604e+08 ... 1.8562e+08

Time limit reached
Best objective 1.852760290230e+08, best bound 1.837920466354e+08, gap 0.8010%

Gurobi 13.0.1 (mac64[arm]) logging started Mon Mar 23 23:08:16 2026

Set parameter LogFile to value "/Users/alexandresepulvedadedietrich/Documents/School/Columbia/Spring_2026/Optimization/group_project/results/realistic/logs/realistic_model.log"
Set parameter MIPGap to value 0.001
Set parameter TimeLimit to value 600

Gurobi 13.0.1 (mac64[arm]) logging started Mon Mar 23 23:37:13 2026

Set parameter LogFile to value "/Users/alexandresepulvedadedietrich/Documents/School/Columbia/Spring_2026/Optimization/group_project/results/realistic/logs/realistic_model.log"
Set parameter MIPGap to value 0.001
Set parameter TimeLimit to value 600
Set parameter Presolve to value 2
Set parameter Threads to value 0
Set parameter OutputFlag to value 1
Gurobi Optimizer version 13.0.1 build v13.0.1rc0 (mac64[arm] - Darwin 25.3.0 25D2128)

CPU model: Apple M4 Pro
Thread count: 12 physical cores, 12 logical processors, using up to 12 threads

Non-default parameters:
TimeLimit  600
MIPGap  0.001
Presolve  2

Optimize a model with 155819 rows, 201980 columns and 574228 nonzeros (Min)
Model fingerprint: 0xe93452b9
Model has 201980 linear objective coefficients
Variable types: 0 continuous, 201980 integer (85566 binary)
Coefficient statistics:
  Matrix range     [1e+00, 4e+02]
  Objective range  [1e+02, 1e+05]
  Bounds range     [1e+00, 1e+00]
  RHS range        [1e+00, 1e+04]

Presolve removed 90802 rows and 83197 columns
Presolve time: 1.66s
Presolved: 65017 rows, 118783 columns, 280788 nonzeros
Variable types: 0 continuous, 118783 integer (62244 binary)
Root relaxation presolve removed 4353 rows and 5286 columns
Root relaxation presolved: 60664 rows, 113497 columns, 270186 nonzeros

Deterministic concurrent LP optimizer: primal and dual simplex
Showing primal log only...

Concurrent spin time: 0.00s

Solved with dual simplex

Use crossover to convert LP symmetric solution to basic solution...
Crossover time: 0.10 seconds (0.07 work units)

Root relaxation: objective 1.816306e+08, 17113 iterations, 0.31 seconds (0.35 work units)

    Nodes    |    Current Node    |     Objective Bounds      |     Work
 Expl Unexpl |  Obj  Depth IntInf | Incumbent    BestBd   Gap | It/Node Time

     0     0 1.8163e+08    0  175          - 1.8163e+08      -     -    2s
H    0     0                    1.920936e+08 1.8163e+08  5.45%     -    2s
H    0     0                    1.920070e+08 1.8163e+08  5.40%     -    2s
H    0     0                    1.919537e+08 1.8163e+08  5.38%     -    2s
H    0     0                    1.912344e+08 1.8163e+08  5.02%     -    3s
H    0     0                    1.911878e+08 1.8163e+08  5.00%     -    3s
H    0     0                    1.898863e+08 1.8163e+08  4.35%     -    4s
H    0     0                    1.886575e+08 1.8163e+08  3.72%     -    4s
H    0     0                    1.885683e+08 1.8163e+08  3.68%     -    4s
H    0     0                    1.885657e+08 1.8163e+08  3.68%     -    4s
H    0     0                    1.885570e+08 1.8163e+08  3.67%     -    4s
H    0     0                    1.885310e+08 1.8163e+08  3.66%     -    4s
H    0     0                    1.885304e+08 1.8163e+08  3.66%     -    4s
H    0     0                    1.884509e+08 1.8163e+08  3.62%     -    4s
H    0     0                    1.884416e+08 1.8163e+08  3.61%     -    4s
H    0     0                    1.883905e+08 1.8163e+08  3.59%     -    4s
H    0     0                    1.883746e+08 1.8163e+08  3.58%     -    4s
H    0     0                    1.882580e+08 1.8163e+08  3.52%     -    4s
H    0     0                    1.882508e+08 1.8163e+08  3.52%     -    4s
     0     0 1.8163e+08    0  256 1.8825e+08 1.8163e+08  3.52%     -    4s
H    0     0                    1.882479e+08 1.8163e+08  3.52%     -    5s
H    0     0                    1.882122e+08 1.8163e+08  3.50%     -    5s
     0     0 1.8199e+08    0  333 1.8821e+08 1.8199e+08  3.31%     -    5s
H    0     0                    1.881532e+08 1.8248e+08  3.02%     -    6s
     0     0 1.8248e+08    0  399 1.8815e+08 1.8248e+08  3.02%     -    6s
     0     0 1.8261e+08    0  425 1.8815e+08 1.8261e+08  2.94%     -    6s
     0     0 1.8266e+08    0  466 1.8815e+08 1.8266e+08  2.92%     -    6s
     0     0 1.8268e+08    0  558 1.8815e+08 1.8268e+08  2.91%     -    6s
     0     0 1.8269e+08    0  591 1.8815e+08 1.8269e+08  2.91%     -    6s
     0     0 1.8271e+08    0  646 1.8815e+08 1.8271e+08  2.89%     -    6s
     0     0 1.8273e+08    0  659 1.8815e+08 1.8273e+08  2.88%     -    6s
     0     0 1.8274e+08    0  669 1.8815e+08 1.8274e+08  2.88%     -    6s
     0     0 1.8297e+08    0  695 1.8815e+08 1.8297e+08  2.75%     -    7s
     0     0 1.8297e+08    0  527 1.8815e+08 1.8297e+08  2.75%     -    7s
H    0     0                    1.849132e+08 1.8297e+08  1.05%     -    7s
H    0     0                    1.849056e+08 1.8297e+08  1.05%     -    8s
     0     0 1.8317e+08    0  582 1.8491e+08 1.8317e+08  0.94%     -    9s
     0     0 1.8332e+08    0  614 1.8491e+08 1.8332e+08  0.86%     -    9s
     0     0 1.8336e+08    0  625 1.8491e+08 1.8336e+08  0.84%     -    9s
     0     0 1.8340e+08    0  620 1.8491e+08 1.8340e+08  0.82%     -    9s
     0     0 1.8341e+08    0  626 1.8491e+08 1.8341e+08  0.81%     -    9s
     0     0 1.8342e+08    0  629 1.8491e+08 1.8342e+08  0.81%     -   10s
     0     0 1.8342e+08    0  709 1.8491e+08 1.8342e+08  0.81%     -   10s
H    0     0                    1.849026e+08 1.8342e+08  0.80%     -   11s
H    0     0                    1.849000e+08 1.8342e+08  0.80%     -   11s
H    0     0                    1.848623e+08 1.8342e+08  0.78%     -   11s
H    0     0                    1.848622e+08 1.8342e+08  0.78%     -   11s
H    0     0                    1.848619e+08 1.8342e+08  0.78%     -   11s
H    0     0                    1.848613e+08 1.8342e+08  0.78%     -   11s
     0     0 1.8354e+08    0  723 1.8486e+08 1.8354e+08  0.71%     -   12s
     0     0 1.8357e+08    0  735 1.8486e+08 1.8357e+08  0.70%     -   12s
     0     0 1.8359e+08    0  636 1.8486e+08 1.8359e+08  0.69%     -   12s
     0     0 1.8360e+08    0  652 1.8486e+08 1.8360e+08  0.68%     -   12s
     0     0 1.8361e+08    0  656 1.8486e+08 1.8361e+08  0.68%     -   12s
     0     0 1.8361e+08    0  670 1.8486e+08 1.8361e+08  0.68%     -   12s
     0     0 1.8362e+08    0  704 1.8486e+08 1.8362e+08  0.67%     -   13s
H    0     0                    1.847649e+08 1.8362e+08  0.62%     -   13s
     0     0 1.8363e+08    0  764 1.8476e+08 1.8363e+08  0.62%     -   13s
     0     0 1.8363e+08    0  755 1.8476e+08 1.8363e+08  0.61%     -   13s
     0     0 1.8363e+08    0  752 1.8476e+08 1.8363e+08  0.61%     -   14s
     0     0 1.8363e+08    0  747 1.8476e+08 1.8363e+08  0.61%     -   14s
     0     0 1.8364e+08    0  781 1.8476e+08 1.8364e+08  0.61%     -   14s
     0     0 1.8364e+08    0  781 1.8476e+08 1.8364e+08  0.61%     -   16s
     0     0 1.8364e+08    0  567 1.8476e+08 1.8364e+08  0.61%     -   16s
H    0     0                    1.847352e+08 1.8364e+08  0.60%     -   16s
     0     0 1.8364e+08    0  558 1.8474e+08 1.8364e+08  0.60%     -   20s

Gurobi 13.0.1 (mac64[arm]) logging started Mon Mar 23 23:37:38 2026

Set parameter LogFile to value "/Users/alexandresepulvedadedietrich/Documents/School/Columbia/Spring_2026/Optimization/group_project/results/realistic/logs/realistic_model.log"
Set parameter MIPGap to value 0.001
Set parameter TimeLimit to value 600
Set parameter Presolve to value 2
Set parameter Threads to value 0
Set parameter OutputFlag to value 1
Gurobi Optimizer version 13.0.1 build v13.0.1rc0 (mac64[arm] - Darwin 25.3.0 25D2128)

CPU model: Apple M4 Pro
Thread count: 12 physical cores, 12 logical processors, using up to 12 threads

Non-default parameters:
TimeLimit  600
MIPGap  0.001
Presolve  2

Optimize a model with 155819 rows, 201980 columns and 574228 nonzeros (Min)
Model fingerprint: 0xe93452b9
Model has 201980 linear objective coefficients
Variable types: 0 continuous, 201980 integer (85566 binary)
Coefficient statistics:
  Matrix range     [1e+00, 4e+02]
  Objective range  [1e+02, 1e+05]
  Bounds range     [1e+00, 1e+00]
  RHS range        [1e+00, 1e+04]

     0     0 1.8364e+08    0  558 1.8474e+08 1.8364e+08  0.60%     -   25s
Presolve removed 90802 rows and 83197 columns
Presolve time: 2.00s
Presolved: 65017 rows, 118783 columns, 280788 nonzeros
Variable types: 0 continuous, 118783 integer (62244 binary)
H    0     0                    1.841747e+08 1.8364e+08  0.29%     -   27s
Root relaxation presolve removed 4353 rows and 5286 columns
Root relaxation presolved: 60664 rows, 113497 columns, 270186 nonzeros

Deterministic concurrent LP optimizer: primal and dual simplex
Showing primal log only...

Concurrent spin time: 0.00s

Solved with dual simplex

Use crossover to convert LP symmetric solution to basic solution...
Crossover time: 0.09 seconds (0.07 work units)

Root relaxation: objective 1.816306e+08, 17113 iterations, 0.38 seconds (0.35 work units)

    Nodes    |    Current Node    |     Objective Bounds      |     Work
 Expl Unexpl |  Obj  Depth IntInf | Incumbent    BestBd   Gap | It/Node Time

     0     0 1.8163e+08    0  175          - 1.8163e+08      -     -    2s
H    0     0                    1.920936e+08 1.8163e+08  5.45%     -    3s
H    0     0                    1.920070e+08 1.8163e+08  5.40%     -    3s
H    0     0                    1.919537e+08 1.8163e+08  5.38%     -    3s
H    0     0                    1.912344e+08 1.8163e+08  5.02%     -    4s
H    0     0                    1.911878e+08 1.8163e+08  5.00%     -    4s
     0     0 1.8364e+08    0  558 1.8417e+08 1.8364e+08  0.29%     -   30s
H    0     0                    1.898863e+08 1.8163e+08  4.35%     -    5s
H    0     0                    1.886575e+08 1.8163e+08  3.72%     -    5s
H    0     0                    1.885683e+08 1.8163e+08  3.68%     -    5s
H    0     0                    1.885657e+08 1.8163e+08  3.68%     -    5s
H    0     0                    1.885570e+08 1.8163e+08  3.67%     -    5s
H    0     0                    1.885310e+08 1.8163e+08  3.66%     -    5s
H    0     0                    1.885304e+08 1.8163e+08  3.66%     -    5s
H    0     0                    1.884509e+08 1.8163e+08  3.62%     -    5s
H    0     0                    1.884416e+08 1.8163e+08  3.61%     -    5s
H    0     0                    1.883905e+08 1.8163e+08  3.59%     -    5s
H    0     0                    1.883746e+08 1.8163e+08  3.58%     -    5s
H    0     0                    1.882580e+08 1.8163e+08  3.52%     -    5s
H    0     0                    1.882508e+08 1.8163e+08  3.52%     -    5s
     0     0 1.8163e+08    0  256 1.8825e+08 1.8163e+08  3.52%     -    5s
H    0     0                    1.882479e+08 1.8163e+08  3.52%     -    6s
H    0     0                    1.882122e+08 1.8163e+08  3.50%     -    7s
     0     0 1.8199e+08    0  333 1.8821e+08 1.8199e+08  3.31%     -    7s
H    0     0                    1.881532e+08 1.8248e+08  3.02%     -    7s
     0     0 1.8248e+08    0  399 1.8815e+08 1.8248e+08  3.02%     -    7s
     0     0 1.8261e+08    0  425 1.8815e+08 1.8261e+08  2.94%     -    7s
     0     0 1.8266e+08    0  466 1.8815e+08 1.8266e+08  2.92%     -    7s
     0     0 1.8268e+08    0  558 1.8815e+08 1.8268e+08  2.91%     -    7s
     0     0 1.8269e+08    0  591 1.8815e+08 1.8269e+08  2.91%     -    7s
     0     0 1.8271e+08    0  646 1.8815e+08 1.8271e+08  2.89%     -    7s
     0     0 1.8273e+08    0  659 1.8815e+08 1.8273e+08  2.88%     -    7s
     0     0 1.8274e+08    0  669 1.8815e+08 1.8274e+08  2.88%     -    7s
     0     0 1.8297e+08    0  695 1.8815e+08 1.8297e+08  2.75%     -    8s
     0     0 1.8297e+08    0  527 1.8815e+08 1.8297e+08  2.75%     -    8s
H    0     0                    1.849132e+08 1.8297e+08  1.05%     -    9s
H    0     0                    1.839632e+08 1.8364e+08  0.18%     -   34s

Cutting planes:
  Gomory: 55
  Cover: 65
  MIR: 271
  StrongCG: 10
  Flow cover: 126
  GUB cover: 8
  Zero half: 6
  Network: 14

Explored 54 nodes (27807 simplex iterations) in 34.84 seconds (23.17 work units)
Thread count was 12 (of 12 available processors)

Solution count 10: 1.83963e+08 1.84175e+08 1.84735e+08 ... 1.84903e+08

Optimal solution found (tolerance 1.00e-03)
Best objective 1.839632074983e+08, best bound 1.837983666003e+08, gap 0.0896%
H    0     0                    1.849056e+08 1.8297e+08  1.05%     -   10s
     0     0 1.8317e+08    0  582 1.8491e+08 1.8317e+08  0.94%     -   10s
     0     0 1.8332e+08    0  614 1.8491e+08 1.8332e+08  0.86%     -   10s
     0     0 1.8336e+08    0  625 1.8491e+08 1.8336e+08  0.84%     -   10s
     0     0 1.8340e+08    0  620 1.8491e+08 1.8340e+08  0.82%     -   11s
     0     0 1.8341e+08    0  626 1.8491e+08 1.8341e+08  0.81%     -   11s
     0     0 1.8342e+08    0  629 1.8491e+08 1.8342e+08  0.81%     -   11s
     0     0 1.8342e+08    0  709 1.8491e+08 1.8342e+08  0.81%     -   11s
H    0     0                    1.849026e+08 1.8342e+08  0.80%     -   12s
H    0     0                    1.849000e+08 1.8342e+08  0.80%     -   12s
H    0     0                    1.848623e+08 1.8342e+08  0.78%     -   12s
H    0     0                    1.848622e+08 1.8342e+08  0.78%     -   12s
H    0     0                    1.848619e+08 1.8342e+08  0.78%     -   12s
H    0     0                    1.848613e+08 1.8342e+08  0.78%     -   12s
     0     0 1.8354e+08    0  723 1.8486e+08 1.8354e+08  0.71%     -   12s
     0     0 1.8357e+08    0  735 1.8486e+08 1.8357e+08  0.70%     -   13s
     0     0 1.8359e+08    0  636 1.8486e+08 1.8359e+08  0.69%     -   13s
     0     0 1.8360e+08    0  652 1.8486e+08 1.8360e+08  0.68%     -   13s
     0     0 1.8361e+08    0  656 1.8486e+08 1.8361e+08  0.68%     -   13s
     0     0 1.8361e+08    0  670 1.8486e+08 1.8361e+08  0.68%     -   13s
     0     0 1.8362e+08    0  704 1.8486e+08 1.8362e+08  0.67%     -   13s
H    0     0                    1.847649e+08 1.8362e+08  0.62%     -   13s
     0     0 1.8363e+08    0  764 1.8476e+08 1.8363e+08  0.62%     -   14s
     0     0 1.8363e+08    0  755 1.8476e+08 1.8363e+08  0.61%     -   14s
     0     0 1.8363e+08    0  752 1.8476e+08 1.8363e+08  0.61%     -   14s
     0     0 1.8363e+08    0  747 1.8476e+08 1.8363e+08  0.61%     -   14s
     0     0 1.8364e+08    0  781 1.8476e+08 1.8364e+08  0.61%     -   14s
     0     0 1.8364e+08    0  781 1.8476e+08 1.8364e+08  0.61%     -   16s
     0     0 1.8364e+08    0  567 1.8476e+08 1.8364e+08  0.61%     -   16s
H    0     0                    1.847352e+08 1.8364e+08  0.60%     -   16s
     0     0 1.8364e+08    0  558 1.8474e+08 1.8364e+08  0.60%     -   20s
     0     0 1.8364e+08    0  558 1.8474e+08 1.8364e+08  0.60%     -   25s
H    0     0                    1.841747e+08 1.8364e+08  0.29%     -   26s
     0     0 1.8364e+08    0  558 1.8417e+08 1.8364e+08  0.29%     -   30s
H    0     0                    1.839632e+08 1.8364e+08  0.18%     -   31s

Cutting planes:
  Gomory: 55
  Cover: 65
  MIR: 271
  StrongCG: 10
  Flow cover: 126
  GUB cover: 8
  Zero half: 6
  Network: 14

Explored 54 nodes (27807 simplex iterations) in 31.91 seconds (23.17 work units)
Thread count was 12 (of 12 available processors)

Solution count 10: 1.83963e+08 1.84175e+08 1.84735e+08 ... 1.84903e+08

Optimal solution found (tolerance 1.00e-03)
Best objective 1.839632074983e+08, best bound 1.837983666003e+08, gap 0.0896%

Gurobi 13.0.1 (mac64[arm]) logging started Mon Mar 23 23:58:16 2026

Set parameter LogFile to value "/Users/alexandresepulvedadedietrich/Documents/School/Columbia/Spring_2026/Optimization/group_project/results/realistic/logs/realistic_model.log"
Set parameter MIPGap to value 0.001
Set parameter TimeLimit to value 600
Set parameter Presolve to value 2
Set parameter Threads to value 0
Set parameter OutputFlag to value 1
Gurobi Optimizer version 13.0.1 build v13.0.1rc0 (mac64[arm] - Darwin 25.3.0 25D2128)

CPU model: Apple M4 Pro
Thread count: 12 physical cores, 12 logical processors, using up to 12 threads

Non-default parameters:
TimeLimit  600
MIPGap  0.001
Presolve  2

Optimize a model with 155819 rows, 201980 columns and 574228 nonzeros (Min)
Model fingerprint: 0xe93452b9
Model has 201980 linear objective coefficients
Variable types: 0 continuous, 201980 integer (85566 binary)
Coefficient statistics:
  Matrix range     [1e+00, 4e+02]
  Objective range  [1e+02, 1e+05]
  Bounds range     [1e+00, 1e+00]
  RHS range        [1e+00, 1e+04]

Presolve removed 90802 rows and 83197 columns
Presolve time: 1.57s
Presolved: 65017 rows, 118783 columns, 280788 nonzeros
Variable types: 0 continuous, 118783 integer (62244 binary)
Root relaxation presolve removed 4353 rows and 5286 columns
Root relaxation presolved: 60664 rows, 113497 columns, 270186 nonzeros

Deterministic concurrent LP optimizer: primal and dual simplex
Showing primal log only...

Concurrent spin time: 0.00s

Solved with dual simplex

Use crossover to convert LP symmetric solution to basic solution...
Crossover time: 0.11 seconds (0.07 work units)

Root relaxation: objective 1.816306e+08, 17113 iterations, 0.35 seconds (0.35 work units)

    Nodes    |    Current Node    |     Objective Bounds      |     Work
 Expl Unexpl |  Obj  Depth IntInf | Incumbent    BestBd   Gap | It/Node Time

     0     0 1.8163e+08    0  175          - 1.8163e+08      -     -    2s
H    0     0                    1.920936e+08 1.8163e+08  5.45%     -    2s
H    0     0                    1.920070e+08 1.8163e+08  5.40%     -    2s
H    0     0                    1.919537e+08 1.8163e+08  5.38%     -    2s
H    0     0                    1.912344e+08 1.8163e+08  5.02%     -    3s
H    0     0                    1.911878e+08 1.8163e+08  5.00%     -    3s
H    0     0                    1.898863e+08 1.8163e+08  4.35%     -    4s
H    0     0                    1.886575e+08 1.8163e+08  3.72%     -    4s
H    0     0                    1.885683e+08 1.8163e+08  3.68%     -    4s
H    0     0                    1.885657e+08 1.8163e+08  3.68%     -    4s
H    0     0                    1.885570e+08 1.8163e+08  3.67%     -    4s
H    0     0                    1.885310e+08 1.8163e+08  3.66%     -    4s
H    0     0                    1.885304e+08 1.8163e+08  3.66%     -    4s
H    0     0                    1.884509e+08 1.8163e+08  3.62%     -    4s
H    0     0                    1.884416e+08 1.8163e+08  3.61%     -    4s
H    0     0                    1.883905e+08 1.8163e+08  3.59%     -    4s
H    0     0                    1.883746e+08 1.8163e+08  3.58%     -    4s
H    0     0                    1.882580e+08 1.8163e+08  3.52%     -    4s
H    0     0                    1.882508e+08 1.8163e+08  3.52%     -    4s
     0     0 1.8163e+08    0  256 1.8825e+08 1.8163e+08  3.52%     -    4s
H    0     0                    1.882479e+08 1.8163e+08  3.52%     -    6s
H    0     0                    1.882122e+08 1.8163e+08  3.50%     -    6s
     0     0 1.8199e+08    0  333 1.8821e+08 1.8199e+08  3.31%     -    6s
H    0     0                    1.881532e+08 1.8248e+08  3.02%     -    7s
     0     0 1.8248e+08    0  399 1.8815e+08 1.8248e+08  3.02%     -    7s
     0     0 1.8261e+08    0  425 1.8815e+08 1.8261e+08  2.94%     -    7s
     0     0 1.8266e+08    0  466 1.8815e+08 1.8266e+08  2.92%     -    7s
     0     0 1.8268e+08    0  558 1.8815e+08 1.8268e+08  2.91%     -    7s
     0     0 1.8269e+08    0  591 1.8815e+08 1.8269e+08  2.91%     -    7s
     0     0 1.8271e+08    0  646 1.8815e+08 1.8271e+08  2.89%     -    7s
     0     0 1.8273e+08    0  659 1.8815e+08 1.8273e+08  2.88%     -    7s
     0     0 1.8274e+08    0  669 1.8815e+08 1.8274e+08  2.88%     -    7s
     0     0 1.8297e+08    0  695 1.8815e+08 1.8297e+08  2.75%     -    8s
     0     0 1.8297e+08    0  527 1.8815e+08 1.8297e+08  2.75%     -    8s
H    0     0                    1.849132e+08 1.8297e+08  1.05%     -    9s
H    0     0                    1.849056e+08 1.8297e+08  1.05%     -    9s
     0     0 1.8317e+08    0  582 1.8491e+08 1.8317e+08  0.94%     -   10s
     0     0 1.8332e+08    0  614 1.8491e+08 1.8332e+08  0.86%     -   10s
     0     0 1.8336e+08    0  625 1.8491e+08 1.8336e+08  0.84%     -   10s
     0     0 1.8340e+08    0  620 1.8491e+08 1.8340e+08  0.82%     -   11s
     0     0 1.8341e+08    0  626 1.8491e+08 1.8341e+08  0.81%     -   11s
     0     0 1.8342e+08    0  629 1.8491e+08 1.8342e+08  0.81%     -   11s
     0     0 1.8342e+08    0  709 1.8491e+08 1.8342e+08  0.81%     -   11s
H    0     0                    1.849026e+08 1.8342e+08  0.80%     -   12s
H    0     0                    1.849000e+08 1.8342e+08  0.80%     -   12s
H    0     0                    1.848623e+08 1.8342e+08  0.78%     -   13s
H    0     0                    1.848622e+08 1.8342e+08  0.78%     -   13s
H    0     0                    1.848619e+08 1.8342e+08  0.78%     -   13s
H    0     0                    1.848613e+08 1.8342e+08  0.78%     -   13s
     0     0 1.8354e+08    0  723 1.8486e+08 1.8354e+08  0.71%     -   13s
     0     0 1.8357e+08    0  735 1.8486e+08 1.8357e+08  0.70%     -   13s
     0     0 1.8359e+08    0  636 1.8486e+08 1.8359e+08  0.69%     -   13s
     0     0 1.8360e+08    0  652 1.8486e+08 1.8360e+08  0.68%     -   13s
     0     0 1.8361e+08    0  656 1.8486e+08 1.8361e+08  0.68%     -   13s
     0     0 1.8361e+08    0  670 1.8486e+08 1.8361e+08  0.68%     -   14s
     0     0 1.8362e+08    0  704 1.8486e+08 1.8362e+08  0.67%     -   14s
H    0     0                    1.847649e+08 1.8362e+08  0.62%     -   14s
     0     0 1.8363e+08    0  764 1.8476e+08 1.8363e+08  0.62%     -   15s
     0     0 1.8363e+08    0  755 1.8476e+08 1.8363e+08  0.61%     -   15s
     0     0 1.8363e+08    0  752 1.8476e+08 1.8363e+08  0.61%     -   15s
     0     0 1.8363e+08    0  747 1.8476e+08 1.8363e+08  0.61%     -   15s
     0     0 1.8364e+08    0  781 1.8476e+08 1.8364e+08  0.61%     -   15s
     0     0 1.8364e+08    0  781 1.8476e+08 1.8364e+08  0.61%     -   17s
     0     0 1.8364e+08    0  567 1.8476e+08 1.8364e+08  0.61%     -   17s
H    0     0                    1.847352e+08 1.8364e+08  0.60%     -   18s
     0     0 1.8364e+08    0  558 1.8474e+08 1.8364e+08  0.60%     -   20s
     0     0 1.8364e+08    0  558 1.8474e+08 1.8364e+08  0.60%     -   25s
H    0     0                    1.841747e+08 1.8364e+08  0.29%     -   27s
     0     0 1.8364e+08    0  558 1.8417e+08 1.8364e+08  0.29%     -   30s
H    0     0                    1.839632e+08 1.8364e+08  0.18%     -   33s

Cutting planes:
  Gomory: 55
  Cover: 65
  MIR: 271
  StrongCG: 10
  Flow cover: 126
  GUB cover: 8
  Zero half: 6
  Network: 14

Explored 54 nodes (27807 simplex iterations) in 33.72 seconds (23.17 work units)
Thread count was 12 (of 12 available processors)

Solution count 10: 1.83963e+08 1.84175e+08 1.84735e+08 ... 1.84903e+08

Optimal solution found (tolerance 1.00e-03)
Best objective 1.839632074983e+08, best bound 1.837983666003e+08, gap 0.0896%

Gurobi 13.0.1 (mac64[arm]) logging started Tue Mar 24 00:35:55 2026

Set parameter LogFile to value "/Users/alexandresepulvedadedietrich/Documents/School/Columbia/Spring_2026/Optimization/group_project/results/realistic/logs/realistic_model.log"
Set parameter MIPGap to value 0.001
Set parameter TimeLimit to value 600
Set parameter Presolve to value 2
Set parameter Threads to value 0
Set parameter OutputFlag to value 1
Gurobi Optimizer version 13.0.1 build v13.0.1rc0 (mac64[arm] - Darwin 25.3.0 25D2128)

CPU model: Apple M4 Pro
Thread count: 12 physical cores, 12 logical processors, using up to 12 threads

Non-default parameters:
TimeLimit  600
MIPGap  0.001
Presolve  2

Optimize a model with 155819 rows, 201980 columns and 574228 nonzeros (Min)
Model fingerprint: 0xe93452b9
Model has 201980 linear objective coefficients
Variable types: 0 continuous, 201980 integer (85566 binary)
Coefficient statistics:
  Matrix range     [1e+00, 4e+02]
  Objective range  [1e+02, 1e+05]
  Bounds range     [1e+00, 1e+00]
  RHS range        [1e+00, 1e+04]

Presolve removed 90802 rows and 83197 columns
Presolve time: 1.37s
Presolved: 65017 rows, 118783 columns, 280788 nonzeros
Variable types: 0 continuous, 118783 integer (62244 binary)
Root relaxation presolve removed 4353 rows and 5286 columns
Root relaxation presolved: 60664 rows, 113497 columns, 270186 nonzeros

Deterministic concurrent LP optimizer: primal and dual simplex
Showing primal log only...

Concurrent spin time: 0.00s

Solved with dual simplex

Use crossover to convert LP symmetric solution to basic solution...
Crossover time: 0.07 seconds (0.07 work units)

Root relaxation: objective 1.816306e+08, 17113 iterations, 0.28 seconds (0.35 work units)

    Nodes    |    Current Node    |     Objective Bounds      |     Work
 Expl Unexpl |  Obj  Depth IntInf | Incumbent    BestBd   Gap | It/Node Time

     0     0 1.8163e+08    0  175          - 1.8163e+08      -     -    2s
H    0     0                    1.920936e+08 1.8163e+08  5.45%     -    2s
H    0     0                    1.920070e+08 1.8163e+08  5.40%     -    2s
H    0     0                    1.919537e+08 1.8163e+08  5.38%     -    2s
H    0     0                    1.912344e+08 1.8163e+08  5.02%     -    2s
H    0     0                    1.911878e+08 1.8163e+08  5.00%     -    2s
H    0     0                    1.898863e+08 1.8163e+08  4.35%     -    3s
H    0     0                    1.886575e+08 1.8163e+08  3.72%     -    3s
H    0     0                    1.885683e+08 1.8163e+08  3.68%     -    3s
H    0     0                    1.885657e+08 1.8163e+08  3.68%     -    3s
H    0     0                    1.885570e+08 1.8163e+08  3.67%     -    3s
H    0     0                    1.885310e+08 1.8163e+08  3.66%     -    3s
H    0     0                    1.885304e+08 1.8163e+08  3.66%     -    3s
H    0     0                    1.884509e+08 1.8163e+08  3.62%     -    3s
H    0     0                    1.884416e+08 1.8163e+08  3.61%     -    3s
H    0     0                    1.883905e+08 1.8163e+08  3.59%     -    3s
H    0     0                    1.883746e+08 1.8163e+08  3.58%     -    3s
H    0     0                    1.882580e+08 1.8163e+08  3.52%     -    3s
H    0     0                    1.882508e+08 1.8163e+08  3.52%     -    3s
     0     0 1.8163e+08    0  256 1.8825e+08 1.8163e+08  3.52%     -    3s
H    0     0                    1.882479e+08 1.8163e+08  3.52%     -    4s
H    0     0                    1.882122e+08 1.8163e+08  3.50%     -    4s
     0     0 1.8199e+08    0  333 1.8821e+08 1.8199e+08  3.31%     -    4s
H    0     0                    1.881532e+08 1.8248e+08  3.02%     -    4s
     0     0 1.8248e+08    0  399 1.8815e+08 1.8248e+08  3.02%     -    4s
     0     0 1.8261e+08    0  425 1.8815e+08 1.8261e+08  2.94%     -    4s
     0     0 1.8266e+08    0  466 1.8815e+08 1.8266e+08  2.92%     -    4s
     0     0 1.8268e+08    0  558 1.8815e+08 1.8268e+08  2.91%     -    5s
     0     0 1.8269e+08    0  591 1.8815e+08 1.8269e+08  2.91%     -    5s
     0     0 1.8271e+08    0  646 1.8815e+08 1.8271e+08  2.89%     -    5s
     0     0 1.8273e+08    0  659 1.8815e+08 1.8273e+08  2.88%     -    5s
     0     0 1.8274e+08    0  669 1.8815e+08 1.8274e+08  2.88%     -    5s
     0     0 1.8297e+08    0  695 1.8815e+08 1.8297e+08  2.75%     -    5s
     0     0 1.8297e+08    0  527 1.8815e+08 1.8297e+08  2.75%     -    6s
H    0     0                    1.849132e+08 1.8297e+08  1.05%     -    6s
H    0     0                    1.849056e+08 1.8297e+08  1.05%     -    6s
     0     0 1.8317e+08    0  582 1.8491e+08 1.8317e+08  0.94%     -    7s
     0     0 1.8332e+08    0  614 1.8491e+08 1.8332e+08  0.86%     -    7s
     0     0 1.8336e+08    0  625 1.8491e+08 1.8336e+08  0.84%     -    7s
     0     0 1.8340e+08    0  620 1.8491e+08 1.8340e+08  0.82%     -    7s
     0     0 1.8341e+08    0  626 1.8491e+08 1.8341e+08  0.81%     -    7s
     0     0 1.8342e+08    0  629 1.8491e+08 1.8342e+08  0.81%     -    7s
     0     0 1.8342e+08    0  709 1.8491e+08 1.8342e+08  0.81%     -    8s
H    0     0                    1.849026e+08 1.8342e+08  0.80%     -    8s
H    0     0                    1.849000e+08 1.8342e+08  0.80%     -    8s
H    0     0                    1.848623e+08 1.8342e+08  0.78%     -    9s
H    0     0                    1.848622e+08 1.8342e+08  0.78%     -    9s
H    0     0                    1.848619e+08 1.8342e+08  0.78%     -    9s
H    0     0                    1.848613e+08 1.8342e+08  0.78%     -    9s
     0     0 1.8354e+08    0  723 1.8486e+08 1.8354e+08  0.71%     -    9s
     0     0 1.8357e+08    0  735 1.8486e+08 1.8357e+08  0.70%     -    9s
     0     0 1.8359e+08    0  636 1.8486e+08 1.8359e+08  0.69%     -    9s
     0     0 1.8360e+08    0  652 1.8486e+08 1.8360e+08  0.68%     -    9s
     0     0 1.8361e+08    0  656 1.8486e+08 1.8361e+08  0.68%     -    9s
     0     0 1.8361e+08    0  670 1.8486e+08 1.8361e+08  0.68%     -    9s
     0     0 1.8362e+08    0  704 1.8486e+08 1.8362e+08  0.67%     -   10s
H    0     0                    1.847649e+08 1.8362e+08  0.62%     -   10s
     0     0 1.8363e+08    0  764 1.8476e+08 1.8363e+08  0.62%     -   10s
     0     0 1.8363e+08    0  755 1.8476e+08 1.8363e+08  0.61%     -   10s
     0     0 1.8363e+08    0  752 1.8476e+08 1.8363e+08  0.61%     -   10s
     0     0 1.8363e+08    0  747 1.8476e+08 1.8363e+08  0.61%     -   10s
     0     0 1.8364e+08    0  781 1.8476e+08 1.8364e+08  0.61%     -   11s
     0     0 1.8364e+08    0  781 1.8476e+08 1.8364e+08  0.61%     -   12s
     0     0 1.8364e+08    0  567 1.8476e+08 1.8364e+08  0.61%     -   13s
H    0     0                    1.847352e+08 1.8364e+08  0.60%     -   13s
     0     0 1.8364e+08    0  558 1.8474e+08 1.8364e+08  0.60%     -   15s
     0     0 1.8364e+08    0  558 1.8474e+08 1.8364e+08  0.60%     -   20s
H    0     0                    1.841747e+08 1.8364e+08  0.29%     -   21s
     0     0 1.8364e+08    0  558 1.8417e+08 1.8364e+08  0.29%     -   25s
H    0     0                    1.839632e+08 1.8364e+08  0.18%     -   25s

Cutting planes:
  Gomory: 55
  Cover: 65
  MIR: 271
  StrongCG: 10
  Flow cover: 126
  GUB cover: 8
  Zero half: 6
  Network: 14

Explored 54 nodes (27807 simplex iterations) in 26.04 seconds (23.17 work units)
Thread count was 12 (of 12 available processors)

Solution count 10: 1.83963e+08 1.84175e+08 1.84735e+08 ... 1.84903e+08

Optimal solution found (tolerance 1.00e-03)
Best objective 1.839632074983e+08, best bound 1.837983666003e+08, gap 0.0896%

Gurobi 13.0.1 (mac64[arm]) logging started Tue Mar 24 10:49:43 2026

Set parameter LogFile to value "/Users/alexandresepulvedadedietrich/Documents/School/Columbia/Spring_2026/Optimization/group_project/results/realistic/logs/realistic_model.log"
Set parameter MIPGap to value 0.001
Set parameter TimeLimit to value 600
Set parameter Presolve to value 2
Set parameter Threads to value 0
Set parameter OutputFlag to value 1
Gurobi Optimizer version 13.0.1 build v13.0.1rc0 (mac64[arm] - Darwin 25.3.0 25D2128)

CPU model: Apple M4 Pro
Thread count: 12 physical cores, 12 logical processors, using up to 12 threads

Non-default parameters:
TimeLimit  600
MIPGap  0.001
Presolve  2

Optimize a model with 155819 rows, 201980 columns and 574228 nonzeros (Min)
Model fingerprint: 0xe93452b9
Model has 201980 linear objective coefficients
Variable types: 0 continuous, 201980 integer (85566 binary)
Coefficient statistics:
  Matrix range     [1e+00, 4e+02]
  Objective range  [1e+02, 1e+05]
  Bounds range     [1e+00, 1e+00]
  RHS range        [1e+00, 1e+04]

Presolve removed 90802 rows and 83197 columns
Presolve time: 0.92s
Presolved: 65017 rows, 118783 columns, 280788 nonzeros
Variable types: 0 continuous, 118783 integer (62244 binary)
Root relaxation presolve removed 4353 rows and 5286 columns
Root relaxation presolved: 60664 rows, 113497 columns, 270186 nonzeros

Deterministic concurrent LP optimizer: primal and dual simplex
Showing primal log only...

Concurrent spin time: 0.00s

Solved with dual simplex

Use crossover to convert LP symmetric solution to basic solution...
Crossover time: 0.05 seconds (0.07 work units)

Root relaxation: objective 1.816306e+08, 17113 iterations, 0.19 seconds (0.35 work units)

    Nodes    |    Current Node    |     Objective Bounds      |     Work
 Expl Unexpl |  Obj  Depth IntInf | Incumbent    BestBd   Gap | It/Node Time

     0     0 1.8163e+08    0  175          - 1.8163e+08      -     -    1s
H    0     0                    1.920936e+08 1.8163e+08  5.45%     -    1s
H    0     0                    1.920070e+08 1.8163e+08  5.40%     -    1s
H    0     0                    1.919537e+08 1.8163e+08  5.38%     -    1s
H    0     0                    1.912344e+08 1.8163e+08  5.02%     -    2s
H    0     0                    1.911878e+08 1.8163e+08  5.00%     -    2s
H    0     0                    1.898863e+08 1.8163e+08  4.35%     -    2s
H    0     0                    1.886575e+08 1.8163e+08  3.72%     -    2s
H    0     0                    1.885683e+08 1.8163e+08  3.68%     -    2s
H    0     0                    1.885657e+08 1.8163e+08  3.68%     -    2s
H    0     0                    1.885570e+08 1.8163e+08  3.67%     -    2s
H    0     0                    1.885310e+08 1.8163e+08  3.66%     -    2s
H    0     0                    1.885304e+08 1.8163e+08  3.66%     -    2s
H    0     0                    1.884509e+08 1.8163e+08  3.62%     -    2s
H    0     0                    1.884416e+08 1.8163e+08  3.61%     -    2s
H    0     0                    1.883905e+08 1.8163e+08  3.59%     -    2s
H    0     0                    1.883746e+08 1.8163e+08  3.58%     -    2s
H    0     0                    1.882580e+08 1.8163e+08  3.52%     -    2s
H    0     0                    1.882508e+08 1.8163e+08  3.52%     -    2s
     0     0 1.8163e+08    0  256 1.8825e+08 1.8163e+08  3.52%     -    2s
H    0     0                    1.882479e+08 1.8163e+08  3.52%     -    3s
H    0     0                    1.882122e+08 1.8163e+08  3.50%     -    3s
     0     0 1.8199e+08    0  333 1.8821e+08 1.8199e+08  3.31%     -    3s
H    0     0                    1.881532e+08 1.8248e+08  3.02%     -    3s
     0     0 1.8248e+08    0  399 1.8815e+08 1.8248e+08  3.02%     -    3s
     0     0 1.8261e+08    0  425 1.8815e+08 1.8261e+08  2.94%     -    3s
     0     0 1.8266e+08    0  466 1.8815e+08 1.8266e+08  2.92%     -    3s
     0     0 1.8268e+08    0  558 1.8815e+08 1.8268e+08  2.91%     -    3s
     0     0 1.8269e+08    0  591 1.8815e+08 1.8269e+08  2.91%     -    3s
     0     0 1.8271e+08    0  646 1.8815e+08 1.8271e+08  2.89%     -    3s
     0     0 1.8273e+08    0  659 1.8815e+08 1.8273e+08  2.88%     -    3s
     0     0 1.8274e+08    0  669 1.8815e+08 1.8274e+08  2.88%     -    3s
     0     0 1.8297e+08    0  695 1.8815e+08 1.8297e+08  2.75%     -    3s
     0     0 1.8297e+08    0  527 1.8815e+08 1.8297e+08  2.75%     -    4s
H    0     0                    1.849132e+08 1.8297e+08  1.05%     -    4s
H    0     0                    1.849056e+08 1.8297e+08  1.05%     -    4s
     0     0 1.8317e+08    0  582 1.8491e+08 1.8317e+08  0.94%     -    5s
     0     0 1.8332e+08    0  614 1.8491e+08 1.8332e+08  0.86%     -    5s
     0     0 1.8336e+08    0  625 1.8491e+08 1.8336e+08  0.84%     -    5s
     0     0 1.8340e+08    0  620 1.8491e+08 1.8340e+08  0.82%     -    5s
     0     0 1.8341e+08    0  626 1.8491e+08 1.8341e+08  0.81%     -    5s
     0     0 1.8342e+08    0  629 1.8491e+08 1.8342e+08  0.81%     -    5s
     0     0 1.8342e+08    0  709 1.8491e+08 1.8342e+08  0.81%     -    5s
H    0     0                    1.849026e+08 1.8342e+08  0.80%     -    6s
H    0     0                    1.849000e+08 1.8342e+08  0.80%     -    6s
H    0     0                    1.848623e+08 1.8342e+08  0.78%     -    6s
H    0     0                    1.848622e+08 1.8342e+08  0.78%     -    6s
H    0     0                    1.848619e+08 1.8342e+08  0.78%     -    6s
H    0     0                    1.848613e+08 1.8342e+08  0.78%     -    6s
     0     0 1.8354e+08    0  723 1.8486e+08 1.8354e+08  0.71%     -    6s
     0     0 1.8357e+08    0  735 1.8486e+08 1.8357e+08  0.70%     -    6s
     0     0 1.8359e+08    0  636 1.8486e+08 1.8359e+08  0.69%     -    6s
     0     0 1.8360e+08    0  652 1.8486e+08 1.8360e+08  0.68%     -    6s
     0     0 1.8361e+08    0  656 1.8486e+08 1.8361e+08  0.68%     -    6s
     0     0 1.8361e+08    0  670 1.8486e+08 1.8361e+08  0.68%     -    6s
     0     0 1.8362e+08    0  704 1.8486e+08 1.8362e+08  0.67%     -    6s
H    0     0                    1.847649e+08 1.8362e+08  0.62%     -    6s
     0     0 1.8363e+08    0  764 1.8476e+08 1.8363e+08  0.62%     -    7s
     0     0 1.8363e+08    0  755 1.8476e+08 1.8363e+08  0.61%     -    7s
     0     0 1.8363e+08    0  752 1.8476e+08 1.8363e+08  0.61%     -    7s
     0     0 1.8363e+08    0  747 1.8476e+08 1.8363e+08  0.61%     -    7s
     0     0 1.8364e+08    0  781 1.8476e+08 1.8364e+08  0.61%     -    7s
     0     0 1.8364e+08    0  781 1.8476e+08 1.8364e+08  0.61%     -    8s
     0     0 1.8364e+08    0  567 1.8476e+08 1.8364e+08  0.61%     -    8s
H    0     0                    1.847352e+08 1.8364e+08  0.60%     -    8s
     0     0 1.8364e+08    0  558 1.8474e+08 1.8364e+08  0.60%     -   10s
H    0     0                    1.841747e+08 1.8364e+08  0.29%     -   14s
     0     0 1.8364e+08    0  558 1.8417e+08 1.8364e+08  0.29%     -   15s
H    0     0                    1.839632e+08 1.8364e+08  0.18%     -   18s

Cutting planes:
  Gomory: 55
  Cover: 65
  MIR: 271
  StrongCG: 10
  Flow cover: 126
  GUB cover: 8
  Zero half: 6
  Network: 14

Explored 54 nodes (27807 simplex iterations) in 18.21 seconds (23.17 work units)
Thread count was 12 (of 12 available processors)

Solution count 10: 1.83963e+08 1.84175e+08 1.84735e+08 ... 1.84903e+08

Optimal solution found (tolerance 1.00e-03)
Best objective 1.839632074983e+08, best bound 1.837983666003e+08, gap 0.0896%
